Parameter Count: 5257536
<class 'numpy.ndarray'>
Training with 1860 image pairs
[   100, lr= 0.0000024]  epe=81.9503    1px=0.0245     3px=0.1447     5px=0.2429     7px=0.2982     10px=0.3432    
[   200, lr= 0.0000031]  epe=73.5526    1px=0.0248     3px=0.1570     5px=0.2675     7px=0.3301     10px=0.3830    
[   300, lr= 0.0000039]  epe=68.7780    1px=0.0293     3px=0.1770     5px=0.3010     7px=0.3768     10px=0.4425    
[   400, lr= 0.0000047]  epe=63.1497    1px=0.0328     3px=0.1983     5px=0.3387     7px=0.4303     10px=0.5089    
[   500, lr= 0.0000054]  epe=64.9344    1px=0.0344     3px=0.2121     5px=0.3619     7px=0.4585     10px=0.5355    
[   600, lr= 0.0000062]  epe=51.9359    1px=0.0389     3px=0.2448     5px=0.4192     7px=0.5273     10px=0.6144    
[   700, lr= 0.0000070]  epe=59.3570    1px=0.0356     3px=0.2307     5px=0.4029     7px=0.5044     10px=0.5876    
[   800, lr= 0.0000077]  epe=50.8450    1px=0.0438     3px=0.2714     5px=0.4471     7px=0.5547     10px=0.6396    
[   900, lr= 0.0000085]  epe=55.3955    1px=0.0419     3px=0.2365     5px=0.4103     7px=0.5216     10px=0.6153    
[  1000, lr= 0.0000093]  epe=60.7728    1px=0.0407     3px=0.2582     5px=0.4301     7px=0.5363     10px=0.6191    
[  1100, lr= 0.0000100]  epe=50.7480    1px=0.0442     3px=0.2624     5px=0.4409     7px=0.5476     10px=0.6360    
[  1200, lr= 0.0000108]  epe=51.0717    1px=0.0437     3px=0.2687     5px=0.4567     7px=0.5725     10px=0.6642    
[  1300, lr= 0.0000116]  epe=43.7087    1px=0.0483     3px=0.2797     5px=0.4571     7px=0.5707     10px=0.6641    
[  1400, lr= 0.0000123]  epe=53.7575    1px=0.0424     3px=0.2516     5px=0.4315     7px=0.5457     10px=0.6401    
[  1500, lr= 0.0000131]  epe=48.3958    1px=0.0471     3px=0.2903     5px=0.4809     7px=0.5841     10px=0.6659    
[  1600, lr= 0.0000139]  epe=49.3048    1px=0.0457     3px=0.2740     5px=0.4703     7px=0.5868     10px=0.6790    
[  1700, lr= 0.0000146]  epe=37.9511    1px=0.0431     3px=0.2575     5px=0.4453     7px=0.5652     10px=0.6662    
[  1800, lr= 0.0000154]  epe=50.2930    1px=0.0451     3px=0.2603     5px=0.4361     7px=0.5411     10px=0.6290    
[  1900, lr= 0.0000162]  epe=52.8832    1px=0.0451     3px=0.2659     5px=0.4490     7px=0.5618     10px=0.6550    
[  2000, lr= 0.0000169]  epe=55.9169    1px=0.0514     3px=0.2784     5px=0.4561     7px=0.5578     10px=0.6412    
