Parameter Count: 5257536
<class 'numpy.ndarray'>
Training with 1860 image pairs
[   100, lr= 0.0000236]  epe=68.4892    1px=0.0337     3px=0.1903     5px=0.3185     7px=0.3910     10px=0.4502    
[   200, lr= 0.0000313]  epe=53.0097    1px=0.0402     3px=0.2456     5px=0.4201     7px=0.5204     10px=0.6031    
[   300, lr= 0.0000389]  epe=49.0828    1px=0.0428     3px=0.2483     5px=0.4213     7px=0.5395     10px=0.6355    
[   400, lr= 0.0000466]  epe=51.1563    1px=0.0429     3px=0.2563     5px=0.4364     7px=0.5497     10px=0.6477    
[   500, lr= 0.0000543]  epe=51.9222    1px=0.0446     3px=0.2558     5px=0.4382     7px=0.5527     10px=0.6449    
[   600, lr= 0.0000620]  epe=43.4216    1px=0.0445     3px=0.2773     5px=0.4758     7px=0.5982     10px=0.6946    
[   700, lr= 0.0000696]  epe=51.2554    1px=0.0409     3px=0.2641     5px=0.4493     7px=0.5566     10px=0.6476    
[   800, lr= 0.0000773]  epe=40.3394    1px=0.0493     3px=0.2951     5px=0.4877     7px=0.6037     10px=0.6995    
[   900, lr= 0.0000850]  epe=49.2992    1px=0.0440     3px=0.2560     5px=0.4409     7px=0.5614     10px=0.6603    
[  1000, lr= 0.0000927]  epe=54.6446    1px=0.0443     3px=0.2754     5px=0.4566     7px=0.5646     10px=0.6494    
[  1100, lr= 0.0001003]  epe=44.9001    1px=0.0460     3px=0.2765     5px=0.4643     7px=0.5771     10px=0.6663    
[  1200, lr= 0.0001080]  epe=45.7061    1px=0.0468     3px=0.2928     5px=0.4894     7px=0.6073     10px=0.6951    
[  1300, lr= 0.0001157]  epe=39.0727    1px=0.0514     3px=0.2930     5px=0.4766     7px=0.5950     10px=0.6921    
[  1400, lr= 0.0001234]  epe=48.1209    1px=0.0453     3px=0.2653     5px=0.4499     7px=0.5655     10px=0.6598    
[  1500, lr= 0.0001310]  epe=46.0880    1px=0.0530     3px=0.3017     5px=0.4975     7px=0.6039     10px=0.6878    
[  1600, lr= 0.0001387]  epe=45.0071    1px=0.0481     3px=0.2766     5px=0.4814     7px=0.5995     10px=0.6963    
[  1700, lr= 0.0001464]  epe=36.1403    1px=0.0421     3px=0.2652     5px=0.4575     7px=0.5778     10px=0.6804    
[  1800, lr= 0.0001541]  epe=50.2740    1px=0.0434     3px=0.2589     5px=0.4369     7px=0.5437     10px=0.6393    
[  1900, lr= 0.0001617]  epe=50.4286    1px=0.0475     3px=0.2789     5px=0.4586     7px=0.5720     10px=0.6625    
[  2000, lr= 0.0001694]  epe=56.4418    1px=0.0533     3px=0.2785     5px=0.4553     7px=0.5620     10px=0.6454    
[  2100, lr= 0.0001771]  epe=42.4111    1px=0.0525     3px=0.2960     5px=0.5010     7px=0.6192     10px=0.7088    
[  2200, lr= 0.0001847]  epe=45.9609    1px=0.0412     3px=0.2667     5px=0.4525     7px=0.5705     10px=0.6654    
[  2300, lr= 0.0001924]  epe=49.2999    1px=0.0519     3px=0.2832     5px=0.4736     7px=0.5874     10px=0.6818    
[  2400, lr= 0.0002001]  epe=45.3691    1px=0.0482     3px=0.2747     5px=0.4652     7px=0.5762     10px=0.6671    
[  2500, lr= 0.0002078]  epe=42.5128    1px=0.0475     3px=0.2778     5px=0.4661     7px=0.5826     10px=0.6765    
[  2600, lr= 0.0002154]  epe=43.4324    1px=0.0486     3px=0.2816     5px=0.4720     7px=0.5851     10px=0.6811    
[  2700, lr= 0.0002231]  epe=47.4214    1px=0.0451     3px=0.2834     5px=0.4794     7px=0.5937     10px=0.6823    
[  2800, lr= 0.0002308]  epe=50.4929    1px=0.0390     3px=0.2485     5px=0.4316     7px=0.5484     10px=0.6443    
[  2900, lr= 0.0002385]  epe=42.0307    1px=0.0480     3px=0.2838     5px=0.4767     7px=0.5824     10px=0.6732    
[  3000, lr= 0.0002461]  epe=46.6494    1px=0.0453     3px=0.2740     5px=0.4678     7px=0.5848     10px=0.6767    
[  3100, lr= 0.0002538]  epe=44.6504    1px=0.0443     3px=0.2695     5px=0.4621     7px=0.5782     10px=0.6719    
[  3200, lr= 0.0002615]  epe=45.5044    1px=0.0473     3px=0.2765     5px=0.4675     7px=0.5802     10px=0.6729    
[  3300, lr= 0.0002692]  epe=41.3273    1px=0.0512     3px=0.2774     5px=0.4669     7px=0.5831     10px=0.6812    
[  3400, lr= 0.0002768]  epe=43.6379    1px=0.0458     3px=0.2730     5px=0.4603     7px=0.5775     10px=0.6729    
[  3500, lr= 0.0002845]  epe=46.7184    1px=0.0425     3px=0.2694     5px=0.4579     7px=0.5725     10px=0.6703    
[  3600, lr= 0.0002922]  epe=47.0396    1px=0.0523     3px=0.2850     5px=0.4684     7px=0.5734     10px=0.6649    
[  3700, lr= 0.0002999]  epe=47.7359    1px=0.0467     3px=0.2763     5px=0.4573     7px=0.5647     10px=0.6573    
[  3800, lr= 0.0003075]  epe=48.4442    1px=0.0460     3px=0.2663     5px=0.4473     7px=0.5627     10px=0.6632    
[  3900, lr= 0.0003152]  epe=55.3624    1px=0.0450     3px=0.2632     5px=0.4391     7px=0.5457     10px=0.6338    
[  4000, lr= 0.0003229]  epe=45.7007    1px=0.0452     3px=0.2703     5px=0.4541     7px=0.5700     10px=0.6646    
[  4100, lr= 0.0003306]  epe=44.1991    1px=0.0475     3px=0.2857     5px=0.4781     7px=0.5904     10px=0.6833    
[  4200, lr= 0.0003382]  epe=44.5516    1px=0.0459     3px=0.2679     5px=0.4568     7px=0.5692     10px=0.6656    
[  4300, lr= 0.0003459]  epe=49.7061    1px=0.0452     3px=0.2637     5px=0.4385     7px=0.5489     10px=0.6502    
[  4400, lr= 0.0003536]  epe=40.6996    1px=0.0417     3px=0.2579     5px=0.4423     7px=0.5586     10px=0.6616    
[  4500, lr= 0.0003612]  epe=46.4833    1px=0.0503     3px=0.2881     5px=0.4729     7px=0.5770     10px=0.6628    
[  4600, lr= 0.0003689]  epe=43.0686    1px=0.0475     3px=0.2805     5px=0.4623     7px=0.5736     10px=0.6714    
[  4700, lr= 0.0003766]  epe=43.4925    1px=0.0463     3px=0.2731     5px=0.4536     7px=0.5678     10px=0.6659    
[  4800, lr= 0.0003843]  epe=50.8322    1px=0.0437     3px=0.2540     5px=0.4357     7px=0.5475     10px=0.6427    
[  4900, lr= 0.0003919]  epe=45.6548    1px=0.0497     3px=0.2841     5px=0.4770     7px=0.5855     10px=0.6760    
[  5000, lr= 0.0003996]  epe=44.0825    1px=0.0370     3px=0.2368     5px=0.4211     7px=0.5399     10px=0.6376    
<class 'numpy.ndarray'>
Validation ASphere EPE: 29.060958862304688,  out of 458000000 measurments
[  5100, lr= 0.0003996]  epe=42.0106    1px=0.0438     3px=0.2791     5px=0.4721     7px=0.5903     10px=0.6833    
[  5200, lr= 0.0003992]  epe=49.2643    1px=0.0500     3px=0.2790     5px=0.4710     7px=0.5821     10px=0.6694    
[  5300, lr= 0.0003988]  epe=34.5401    1px=0.0519     3px=0.2987     5px=0.4963     7px=0.6130     10px=0.7104    
[  5400, lr= 0.0003983]  epe=45.4727    1px=0.0465     3px=0.2649     5px=0.4552     7px=0.5672     10px=0.6640    
[  5500, lr= 0.0003979]  epe=46.7849    1px=0.0402     3px=0.2497     5px=0.4376     7px=0.5574     10px=0.6533    
[  5600, lr= 0.0003975]  epe=48.3684    1px=0.0435     3px=0.2577     5px=0.4361     7px=0.5493     10px=0.6446    
[  5700, lr= 0.0003971]  epe=46.2461    1px=0.0474     3px=0.2781     5px=0.4707     7px=0.5808     10px=0.6656    
[  5800, lr= 0.0003967]  epe=51.8131    1px=0.0417     3px=0.2626     5px=0.4522     7px=0.5667     10px=0.6601    
[  5900, lr= 0.0003962]  epe=41.1634    1px=0.0465     3px=0.2625     5px=0.4465     7px=0.5654     10px=0.6633    
[  6000, lr= 0.0003958]  epe=48.3182    1px=0.0457     3px=0.2636     5px=0.4487     7px=0.5621     10px=0.6597    
[  6100, lr= 0.0003954]  epe=42.0418    1px=0.0469     3px=0.2833     5px=0.4778     7px=0.5948     10px=0.6886    
[  6200, lr= 0.0003950]  epe=46.0611    1px=0.0466     3px=0.2647     5px=0.4441     7px=0.5573     10px=0.6563    
[  6300, lr= 0.0003946]  epe=40.3024    1px=0.0442     3px=0.2828     5px=0.4767     7px=0.5952     10px=0.6882    
[  6400, lr= 0.0003941]  epe=45.8878    1px=0.0451     3px=0.2713     5px=0.4609     7px=0.5778     10px=0.6756    
[  6500, lr= 0.0003937]  epe=41.0842    1px=0.0415     3px=0.2508     5px=0.4442     7px=0.5636     10px=0.6608    
[  6600, lr= 0.0003933]  epe=51.2350    1px=0.0488     3px=0.2787     5px=0.4590     7px=0.5707     10px=0.6649    
[  6700, lr= 0.0003929]  epe=45.3571    1px=0.0478     3px=0.2749     5px=0.4582     7px=0.5713     10px=0.6676    
[  6800, lr= 0.0003924]  epe=47.7672    1px=0.0418     3px=0.2516     5px=0.4374     7px=0.5610     10px=0.6638    
[  6900, lr= 0.0003920]  epe=42.2282    1px=0.0463     3px=0.2719     5px=0.4552     7px=0.5718     10px=0.6716    
[  7000, lr= 0.0003916]  epe=40.9383    1px=0.0562     3px=0.3058     5px=0.4995     7px=0.6134     10px=0.6993    
[  7100, lr= 0.0003912]  epe=45.3412    1px=0.0382     3px=0.2503     5px=0.4261     7px=0.5395     10px=0.6410    
[  7200, lr= 0.0003908]  epe=46.8840    1px=0.0443     3px=0.2654     5px=0.4569     7px=0.5773     10px=0.6723    
[  7300, lr= 0.0003903]  epe=48.7521    1px=0.0472     3px=0.2805     5px=0.4601     7px=0.5703     10px=0.6597    
[  7400, lr= 0.0003899]  epe=34.0685    1px=0.0447     3px=0.2780     5px=0.4841     7px=0.6085     10px=0.7079    
[  7500, lr= 0.0003895]  epe=55.5020    1px=0.0417     3px=0.2650     5px=0.4515     7px=0.5640     10px=0.6532    
[  7600, lr= 0.0003891]  epe=38.2324    1px=0.0494     3px=0.2849     5px=0.4728     7px=0.5895     10px=0.6868    
[  7700, lr= 0.0003887]  epe=44.1037    1px=0.0397     3px=0.2482     5px=0.4311     7px=0.5487     10px=0.6493    
[  7800, lr= 0.0003882]  epe=41.7075    1px=0.0507     3px=0.2910     5px=0.4822     7px=0.5995     10px=0.6913    
[  7900, lr= 0.0003878]  epe=41.2703    1px=0.0488     3px=0.2799     5px=0.4589     7px=0.5702     10px=0.6624    
[  8000, lr= 0.0003874]  epe=37.4115    1px=0.0480     3px=0.2775     5px=0.4723     7px=0.5907     10px=0.6886    
[  8100, lr= 0.0003870]  epe=44.5303    1px=0.0463     3px=0.2786     5px=0.4637     7px=0.5842     10px=0.6857    
[  8200, lr= 0.0003866]  epe=39.8600    1px=0.0498     3px=0.2880     5px=0.4722     7px=0.5832     10px=0.6754    
[  8300, lr= 0.0003861]  epe=45.5201    1px=0.0545     3px=0.3031     5px=0.5021     7px=0.6121     10px=0.6953    
[  8400, lr= 0.0003857]  epe=42.9694    1px=0.0419     3px=0.2511     5px=0.4417     7px=0.5630     10px=0.6642    
[  8500, lr= 0.0003853]  epe=48.0900    1px=0.0443     3px=0.2725     5px=0.4594     7px=0.5740     10px=0.6687    
[  8600, lr= 0.0003849]  epe=41.6820    1px=0.0454     3px=0.2743     5px=0.4637     7px=0.5764     10px=0.6736    
[  8700, lr= 0.0003845]  epe=45.9878    1px=0.0504     3px=0.2886     5px=0.4783     7px=0.5898     10px=0.6806    
[  8800, lr= 0.0003840]  epe=36.3072    1px=0.0483     3px=0.2834     5px=0.4767     7px=0.5893     10px=0.6831    
[  8900, lr= 0.0003836]  epe=50.8080    1px=0.0463     3px=0.2779     5px=0.4692     7px=0.5759     10px=0.6658    
[  9000, lr= 0.0003832]  epe=33.8388    1px=0.0536     3px=0.3027     5px=0.4924     7px=0.6050     10px=0.6949    
[  9100, lr= 0.0003828]  epe=37.6090    1px=0.0461     3px=0.2795     5px=0.4665     7px=0.5844     10px=0.6835    
[  9200, lr= 0.0003824]  epe=39.4630    1px=0.0530     3px=0.3019     5px=0.4869     7px=0.5925     10px=0.6836    
[  9300, lr= 0.0003819]  epe=47.0824    1px=0.0409     3px=0.2509     5px=0.4328     7px=0.5489     10px=0.6440    
[  9400, lr= 0.0003815]  epe=37.1052    1px=0.0491     3px=0.2795     5px=0.4678     7px=0.5851     10px=0.6835    
[  9500, lr= 0.0003811]  epe=41.0241    1px=0.0466     3px=0.2800     5px=0.4810     7px=0.6016     10px=0.7035    
[  9600, lr= 0.0003807]  epe=42.6808    1px=0.0484     3px=0.2789     5px=0.4678     7px=0.5804     10px=0.6763    
[  9700, lr= 0.0003803]  epe=42.2972    1px=0.0505     3px=0.2943     5px=0.4882     7px=0.5979     10px=0.6809    
[  9800, lr= 0.0003798]  epe=37.2201    1px=0.0464     3px=0.2759     5px=0.4708     7px=0.5894     10px=0.6920    
[  9900, lr= 0.0003794]  epe=39.9165    1px=0.0439     3px=0.2703     5px=0.4686     7px=0.5875     10px=0.6829    
[ 10000, lr= 0.0003790]  epe=45.4926    1px=0.0467     3px=0.2815     5px=0.4797     7px=0.5966     10px=0.6886    
<class 'numpy.ndarray'>
Validation ASphere EPE: 22.39412498474121,  out of 458000000 measurments
[ 10100, lr= 0.0003786]  epe=40.1926    1px=0.0459     3px=0.2967     5px=0.4884     7px=0.6021     10px=0.6988    
[ 10200, lr= 0.0003781]  epe=41.8624    1px=0.0412     3px=0.2639     5px=0.4549     7px=0.5764     10px=0.6814    
[ 10300, lr= 0.0003777]  epe=34.4923    1px=0.0511     3px=0.3022     5px=0.5024     7px=0.6206     10px=0.7089    
[ 10400, lr= 0.0003773]  epe=46.6434    1px=0.0475     3px=0.2837     5px=0.4668     7px=0.5801     10px=0.6773    
[ 10500, lr= 0.0003769]  epe=46.7177    1px=0.0466     3px=0.2736     5px=0.4641     7px=0.5775     10px=0.6768    
[ 10600, lr= 0.0003765]  epe=42.2682    1px=0.0496     3px=0.2750     5px=0.4670     7px=0.5865     10px=0.6810    
[ 10700, lr= 0.0003760]  epe=34.9359    1px=0.0493     3px=0.2828     5px=0.4785     7px=0.5958     10px=0.6937    
[ 10800, lr= 0.0003756]  epe=41.4782    1px=0.0495     3px=0.2852     5px=0.4804     7px=0.5910     10px=0.6776    
[ 10900, lr= 0.0003752]  epe=44.7766    1px=0.0479     3px=0.2871     5px=0.4713     7px=0.5795     10px=0.6736    
[ 11000, lr= 0.0003748]  epe=38.2228    1px=0.0478     3px=0.2856     5px=0.4793     7px=0.5929     10px=0.6847    
[ 11100, lr= 0.0003744]  epe=34.9397    1px=0.0506     3px=0.2969     5px=0.4947     7px=0.6128     10px=0.7089    
[ 11200, lr= 0.0003739]  epe=40.5268    1px=0.0466     3px=0.2724     5px=0.4544     7px=0.5707     10px=0.6732    
[ 11300, lr= 0.0003735]  epe=41.5241    1px=0.0502     3px=0.2943     5px=0.4753     7px=0.5809     10px=0.6700    
[ 11400, lr= 0.0003731]  epe=41.1540    1px=0.0464     3px=0.2804     5px=0.4795     7px=0.6021     10px=0.6973    
[ 11500, lr= 0.0003727]  epe=40.6147    1px=0.0462     3px=0.2809     5px=0.4777     7px=0.6007     10px=0.7017    
[ 11600, lr= 0.0003723]  epe=48.0756    1px=0.0455     3px=0.2746     5px=0.4588     7px=0.5725     10px=0.6672    
[ 11700, lr= 0.0003718]  epe=33.3063    1px=0.0480     3px=0.2870     5px=0.4860     7px=0.6012     10px=0.6981    
[ 11800, lr= 0.0003714]  epe=38.6766    1px=0.0475     3px=0.2786     5px=0.4723     7px=0.5869     10px=0.6808    
[ 11900, lr= 0.0003710]  epe=36.2726    1px=0.0533     3px=0.3056     5px=0.4994     7px=0.6132     10px=0.7057    
[ 12000, lr= 0.0003706]  epe=44.5157    1px=0.0535     3px=0.3006     5px=0.4883     7px=0.5977     10px=0.6875    
[ 12100, lr= 0.0003702]  epe=39.3232    1px=0.0470     3px=0.2805     5px=0.4744     7px=0.5930     10px=0.6855    
[ 12200, lr= 0.0003697]  epe=40.0981    1px=0.0509     3px=0.2955     5px=0.4955     7px=0.6074     10px=0.6972    
[ 12300, lr= 0.0003693]  epe=39.3147    1px=0.0493     3px=0.2725     5px=0.4654     7px=0.5825     10px=0.6748    
[ 12400, lr= 0.0003689]  epe=48.5591    1px=0.0560     3px=0.2941     5px=0.4787     7px=0.5871     10px=0.6757    
[ 12500, lr= 0.0003685]  epe=40.6932    1px=0.0501     3px=0.2872     5px=0.4742     7px=0.5828     10px=0.6733    
[ 12600, lr= 0.0003681]  epe=36.5248    1px=0.0503     3px=0.2909     5px=0.4813     7px=0.5950     10px=0.6909    
[ 12700, lr= 0.0003676]  epe=36.2403    1px=0.0536     3px=0.3001     5px=0.4947     7px=0.6083     10px=0.6998    
[ 12800, lr= 0.0003672]  epe=36.1209    1px=0.0524     3px=0.3007     5px=0.4864     7px=0.5988     10px=0.6920    
[ 12900, lr= 0.0003668]  epe=35.2998    1px=0.0494     3px=0.2892     5px=0.4768     7px=0.5928     10px=0.6900    
[ 13000, lr= 0.0003664]  epe=44.3032    1px=0.0419     3px=0.2684     5px=0.4601     7px=0.5746     10px=0.6677    
[ 13100, lr= 0.0003659]  epe=41.1332    1px=0.0506     3px=0.3037     5px=0.5018     7px=0.6136     10px=0.7033    
[ 13200, lr= 0.0003655]  epe=31.3557    1px=0.0536     3px=0.2964     5px=0.4845     7px=0.5955     10px=0.6934    
[ 13300, lr= 0.0003651]  epe=35.4430    1px=0.0544     3px=0.2882     5px=0.4722     7px=0.5853     10px=0.6859    
[ 13400, lr= 0.0003647]  epe=43.5159    1px=0.0505     3px=0.2880     5px=0.4777     7px=0.5906     10px=0.6808    
[ 13500, lr= 0.0003643]  epe=37.9953    1px=0.0499     3px=0.2736     5px=0.4614     7px=0.5745     10px=0.6711    
[ 13600, lr= 0.0003638]  epe=39.2972    1px=0.0479     3px=0.2876     5px=0.4878     7px=0.6074     10px=0.7062    
[ 13700, lr= 0.0003634]  epe=47.9494    1px=0.0504     3px=0.2774     5px=0.4568     7px=0.5742     10px=0.6722    
[ 13800, lr= 0.0003630]  epe=35.2212    1px=0.0486     3px=0.2960     5px=0.4916     7px=0.6102     10px=0.7091    
[ 13900, lr= 0.0003626]  epe=41.2523    1px=0.0497     3px=0.2898     5px=0.4792     7px=0.5925     10px=0.6851    
[ 14000, lr= 0.0003622]  epe=36.8059    1px=0.0474     3px=0.2842     5px=0.4767     7px=0.5886     10px=0.6858    
[ 14100, lr= 0.0003617]  epe=36.9651    1px=0.0493     3px=0.2837     5px=0.4701     7px=0.5829     10px=0.6815    
[ 14200, lr= 0.0003613]  epe=42.5488    1px=0.0506     3px=0.2971     5px=0.4806     7px=0.5934     10px=0.6894    
[ 14300, lr= 0.0003609]  epe=40.3105    1px=0.0538     3px=0.2927     5px=0.4814     7px=0.5962     10px=0.6839    
[ 14400, lr= 0.0003605]  epe=30.7996    1px=0.0551     3px=0.3013     5px=0.4963     7px=0.6123     10px=0.7059    
[ 14500, lr= 0.0003601]  epe=39.0595    1px=0.0591     3px=0.3117     5px=0.4930     7px=0.6018     10px=0.6922    
[ 14600, lr= 0.0003596]  epe=35.6849    1px=0.0501     3px=0.2928     5px=0.4896     7px=0.6101     10px=0.7144    
[ 14700, lr= 0.0003592]  epe=41.7636    1px=0.0504     3px=0.2963     5px=0.4843     7px=0.5932     10px=0.6833    
[ 14800, lr= 0.0003588]  epe=37.3722    1px=0.0514     3px=0.2973     5px=0.4923     7px=0.6085     10px=0.7044    
[ 14900, lr= 0.0003584]  epe=32.7563    1px=0.0485     3px=0.2886     5px=0.4900     7px=0.6081     10px=0.7052    
[ 15000, lr= 0.0003580]  epe=36.1693    1px=0.0515     3px=0.2913     5px=0.4816     7px=0.5961     10px=0.6937    
<class 'numpy.ndarray'>
Validation ASphere EPE: 26.5513973236084,  out of 458000000 measurments
[ 15100, lr= 0.0003575]  epe=40.7058    1px=0.0533     3px=0.3003     5px=0.4953     7px=0.6043     10px=0.6917    
[ 15200, lr= 0.0003571]  epe=42.9987    1px=0.0466     3px=0.2795     5px=0.4751     7px=0.5906     10px=0.6846    
[ 15300, lr= 0.0003567]  epe=36.2976    1px=0.0481     3px=0.2857     5px=0.4732     7px=0.5951     10px=0.6988    
[ 15400, lr= 0.0003563]  epe=34.6113    1px=0.0500     3px=0.2984     5px=0.4947     7px=0.6070     10px=0.7024    
[ 15500, lr= 0.0003559]  epe=38.9970    1px=0.0462     3px=0.2875     5px=0.4899     7px=0.6099     10px=0.7085    
[ 15600, lr= 0.0003554]  epe=31.4959    1px=0.0509     3px=0.3045     5px=0.4943     7px=0.6110     10px=0.7068    
[ 15700, lr= 0.0003550]  epe=40.4578    1px=0.0498     3px=0.2938     5px=0.4914     7px=0.6086     10px=0.6994    
[ 15800, lr= 0.0003546]  epe=34.9330    1px=0.0490     3px=0.2844     5px=0.4808     7px=0.5963     10px=0.6916    
[ 15900, lr= 0.0003542]  epe=35.7142    1px=0.0548     3px=0.3163     5px=0.5105     7px=0.6271     10px=0.7189    
[ 16000, lr= 0.0003538]  epe=38.1007    1px=0.0504     3px=0.2887     5px=0.4799     7px=0.5931     10px=0.6862    
[ 16100, lr= 0.0003533]  epe=46.3324    1px=0.0512     3px=0.2945     5px=0.4795     7px=0.5887     10px=0.6834    
[ 16200, lr= 0.0003529]  epe=35.3950    1px=0.0527     3px=0.2957     5px=0.4878     7px=0.6134     10px=0.7150    
[ 16300, lr= 0.0003525]  epe=33.8332    1px=0.0464     3px=0.2857     5px=0.4827     7px=0.6064     10px=0.7078    
[ 16400, lr= 0.0003521]  epe=35.8153    1px=0.0497     3px=0.2874     5px=0.4739     7px=0.5859     10px=0.6793    
[ 16500, lr= 0.0003516]  epe=38.7767    1px=0.0462     3px=0.2845     5px=0.4863     7px=0.6075     10px=0.7109    
[ 16600, lr= 0.0003512]  epe=33.4224    1px=0.0486     3px=0.2822     5px=0.4746     7px=0.5953     10px=0.6951    
[ 16700, lr= 0.0003508]  epe=41.0833    1px=0.0520     3px=0.3013     5px=0.5020     7px=0.6169     10px=0.7040    
[ 16800, lr= 0.0003504]  epe=34.9251    1px=0.0554     3px=0.3020     5px=0.4881     7px=0.6060     10px=0.7010    
[ 16900, lr= 0.0003500]  epe=35.2988    1px=0.0530     3px=0.2966     5px=0.4847     7px=0.5969     10px=0.6957    
[ 17000, lr= 0.0003495]  epe=31.9616    1px=0.0523     3px=0.2963     5px=0.4907     7px=0.6086     10px=0.7068    
[ 17100, lr= 0.0003491]  epe=35.9366    1px=0.0576     3px=0.3125     5px=0.5040     7px=0.6159     10px=0.7100    
[ 17200, lr= 0.0003487]  epe=40.0723    1px=0.0515     3px=0.2983     5px=0.4863     7px=0.5978     10px=0.6894    
[ 17300, lr= 0.0003483]  epe=37.6146    1px=0.0496     3px=0.2769     5px=0.4652     7px=0.5862     10px=0.6912    
[ 17400, lr= 0.0003479]  epe=32.0558    1px=0.0561     3px=0.3163     5px=0.5176     7px=0.6340     10px=0.7274    
[ 17500, lr= 0.0003474]  epe=30.9789    1px=0.0516     3px=0.2977     5px=0.4872     7px=0.6016     10px=0.6976    
[ 17600, lr= 0.0003470]  epe=39.5589    1px=0.0518     3px=0.2981     5px=0.4931     7px=0.6115     10px=0.7064    
[ 17700, lr= 0.0003466]  epe=34.1531    1px=0.0498     3px=0.2974     5px=0.5017     7px=0.6223     10px=0.7111    
[ 17800, lr= 0.0003462]  epe=35.2855    1px=0.0529     3px=0.2934     5px=0.4875     7px=0.6046     10px=0.7004    
[ 17900, lr= 0.0003458]  epe=38.7156    1px=0.0496     3px=0.3023     5px=0.5065     7px=0.6207     10px=0.7110    
[ 18000, lr= 0.0003453]  epe=38.3282    1px=0.0473     3px=0.2933     5px=0.4904     7px=0.6043     10px=0.7002    
[ 18100, lr= 0.0003449]  epe=24.2091    1px=0.0559     3px=0.3044     5px=0.5056     7px=0.6255     10px=0.7272    
[ 18200, lr= 0.0003445]  epe=37.1051    1px=0.0528     3px=0.3039     5px=0.4989     7px=0.6150     10px=0.7084    
[ 18300, lr= 0.0003441]  epe=37.0303    1px=0.0477     3px=0.2891     5px=0.4797     7px=0.5937     10px=0.6846    
[ 18400, lr= 0.0003437]  epe=36.3481    1px=0.0535     3px=0.3114     5px=0.5070     7px=0.6163     10px=0.7125    
[ 18500, lr= 0.0003432]  epe=34.4598    1px=0.0542     3px=0.3022     5px=0.4873     7px=0.6032     10px=0.6955    
[ 18600, lr= 0.0003428]  epe=29.6218    1px=0.0536     3px=0.3074     5px=0.4991     7px=0.6146     10px=0.7138    
[ 18700, lr= 0.0003424]  epe=28.3355    1px=0.0511     3px=0.3032     5px=0.5082     7px=0.6245     10px=0.7204    
[ 18800, lr= 0.0003420]  epe=33.3430    1px=0.0569     3px=0.3168     5px=0.5163     7px=0.6298     10px=0.7221    
[ 18900, lr= 0.0003416]  epe=36.3059    1px=0.0496     3px=0.2871     5px=0.4725     7px=0.5902     10px=0.6855    
[ 19000, lr= 0.0003411]  epe=33.0351    1px=0.0531     3px=0.3090     5px=0.5037     7px=0.6174     10px=0.7056    
[ 19100, lr= 0.0003407]  epe=39.0524    1px=0.0463     3px=0.2868     5px=0.4812     7px=0.5959     10px=0.6914    
[ 19200, lr= 0.0003403]  epe=31.0627    1px=0.0507     3px=0.2845     5px=0.4741     7px=0.5922     10px=0.6981    
[ 19300, lr= 0.0003399]  epe=35.5809    1px=0.0522     3px=0.3141     5px=0.5147     7px=0.6290     10px=0.7212    
[ 19400, lr= 0.0003395]  epe=29.6855    1px=0.0574     3px=0.3093     5px=0.5095     7px=0.6291     10px=0.7248    
[ 19500, lr= 0.0003390]  epe=42.5700    1px=0.0517     3px=0.2934     5px=0.4860     7px=0.6003     10px=0.6933    
[ 19600, lr= 0.0003386]  epe=37.3926    1px=0.0442     3px=0.2761     5px=0.4681     7px=0.5898     10px=0.6907    
[ 19700, lr= 0.0003382]  epe=32.3133    1px=0.0562     3px=0.3313     5px=0.5350     7px=0.6454     10px=0.7323    
[ 19800, lr= 0.0003378]  epe=42.0480    1px=0.0506     3px=0.2912     5px=0.4741     7px=0.5831     10px=0.6764    
[ 19900, lr= 0.0003373]  epe=39.6685    1px=0.0521     3px=0.2872     5px=0.4672     7px=0.5756     10px=0.6700    
[ 20000, lr= 0.0003369]  epe=35.2023    1px=0.0515     3px=0.2905     5px=0.4829     7px=0.5966     10px=0.6889    
<class 'numpy.ndarray'>
Validation ASphere EPE: 18.238847732543945,  out of 458000000 measurments
[ 20100, lr= 0.0003365]  epe=27.5904    1px=0.0536     3px=0.3118     5px=0.5166     7px=0.6336     10px=0.7260    
[ 20200, lr= 0.0003361]  epe=37.1497    1px=0.0552     3px=0.3047     5px=0.4913     7px=0.6019     10px=0.6925    
[ 20300, lr= 0.0003357]  epe=31.6661    1px=0.0527     3px=0.3064     5px=0.5089     7px=0.6326     10px=0.7291    
[ 20400, lr= 0.0003352]  epe=30.9809    1px=0.0486     3px=0.2854     5px=0.4764     7px=0.6005     10px=0.6986    
[ 20500, lr= 0.0003348]  epe=35.3930    1px=0.0582     3px=0.3156     5px=0.5105     7px=0.6227     10px=0.7199    
[ 20600, lr= 0.0003344]  epe=35.9503    1px=0.0549     3px=0.3136     5px=0.5049     7px=0.6133     10px=0.7002    
[ 20700, lr= 0.0003340]  epe=30.4811    1px=0.0493     3px=0.2912     5px=0.4924     7px=0.6130     10px=0.7077    
[ 20800, lr= 0.0003336]  epe=44.6677    1px=0.0456     3px=0.2899     5px=0.4853     7px=0.6043     10px=0.6982    
[ 20900, lr= 0.0003331]  epe=30.6394    1px=0.0564     3px=0.3127     5px=0.5119     7px=0.6247     10px=0.7190    
[ 21000, lr= 0.0003327]  epe=26.7971    1px=0.0583     3px=0.3393     5px=0.5379     7px=0.6516     10px=0.7368    
[ 21100, lr= 0.0003323]  epe=37.5623    1px=0.0503     3px=0.2870     5px=0.4780     7px=0.5958     10px=0.6911    
[ 21200, lr= 0.0003319]  epe=27.2192    1px=0.0502     3px=0.2955     5px=0.4886     7px=0.6043     10px=0.7035    
[ 21300, lr= 0.0003315]  epe=41.4717    1px=0.0514     3px=0.2899     5px=0.4811     7px=0.5911     10px=0.6855    
[ 21400, lr= 0.0003310]  epe=38.8980    1px=0.0508     3px=0.3185     5px=0.5248     7px=0.6387     10px=0.7279    
[ 21500, lr= 0.0003306]  epe=29.2679    1px=0.0489     3px=0.2965     5px=0.4919     7px=0.6048     10px=0.7018    
[ 21600, lr= 0.0003302]  epe=34.2083    1px=0.0490     3px=0.2848     5px=0.4703     7px=0.5877     10px=0.6902    
[ 21700, lr= 0.0003298]  epe=30.3000    1px=0.0513     3px=0.3080     5px=0.5138     7px=0.6319     10px=0.7211    
[ 21800, lr= 0.0003294]  epe=37.8979    1px=0.0541     3px=0.3083     5px=0.4970     7px=0.6068     10px=0.6978    
[ 21900, lr= 0.0003289]  epe=28.3430    1px=0.0561     3px=0.3142     5px=0.5053     7px=0.6206     10px=0.7155    
[ 22000, lr= 0.0003285]  epe=28.1021    1px=0.0568     3px=0.3153     5px=0.5106     7px=0.6283     10px=0.7204    
[ 22100, lr= 0.0003281]  epe=36.4824    1px=0.0539     3px=0.3063     5px=0.5144     7px=0.6307     10px=0.7189    
[ 22200, lr= 0.0003277]  epe=34.6122    1px=0.0447     3px=0.2769     5px=0.4733     7px=0.5956     10px=0.6961    
[ 22300, lr= 0.0003273]  epe=31.3783    1px=0.0505     3px=0.2992     5px=0.5051     7px=0.6284     10px=0.7302    
[ 22400, lr= 0.0003268]  epe=31.1380    1px=0.0536     3px=0.3076     5px=0.5099     7px=0.6279     10px=0.7272    
[ 22500, lr= 0.0003264]  epe=28.7843    1px=0.0593     3px=0.3313     5px=0.5266     7px=0.6362     10px=0.7250    
[ 22600, lr= 0.0003260]  epe=30.7769    1px=0.0550     3px=0.3144     5px=0.5092     7px=0.6224     10px=0.7130    
[ 22700, lr= 0.0003256]  epe=37.0141    1px=0.0523     3px=0.3127     5px=0.5101     7px=0.6303     10px=0.7247    
[ 22800, lr= 0.0003251]  epe=33.9374    1px=0.0510     3px=0.2885     5px=0.4853     7px=0.6100     10px=0.7127    
[ 22900, lr= 0.0003247]  epe=36.5417    1px=0.0524     3px=0.3057     5px=0.5082     7px=0.6228     10px=0.7133    
[ 23000, lr= 0.0003243]  epe=28.5736    1px=0.0562     3px=0.3038     5px=0.4917     7px=0.6111     10px=0.7100    
[ 23100, lr= 0.0003239]  epe=27.1523    1px=0.0630     3px=0.3334     5px=0.5382     7px=0.6556     10px=0.7460    
