Parameter Count: 5257536
<class 'numpy.ndarray'>
Training with 1860 image pairs
[   100, lr= 0.0000236]  epe=78.8843    1px=0.0269     3px=0.1717     5px=0.2936     7px=0.3625     10px=0.4154    
[   200, lr= 0.0000313]  epe=59.2014    1px=0.0398     3px=0.2561     5px=0.4307     7px=0.5267     10px=0.6047    
[   300, lr= 0.0000389]  epe=52.6717    1px=0.0474     3px=0.2889     5px=0.4689     7px=0.5694     10px=0.6481    
[   400, lr= 0.0000466]  epe=55.4393    1px=0.0422     3px=0.2586     5px=0.4299     7px=0.5329     10px=0.6163    
[   500, lr= 0.0000543]  epe=53.9088    1px=0.0429     3px=0.2622     5px=0.4553     7px=0.5671     10px=0.6574    
[   600, lr= 0.0000620]  epe=43.6316    1px=0.0455     3px=0.2768     5px=0.4701     7px=0.5732     10px=0.6613    
[   700, lr= 0.0000696]  epe=51.2252    1px=0.0472     3px=0.2798     5px=0.4672     7px=0.5742     10px=0.6642    
[   800, lr= 0.0000773]  epe=55.6173    1px=0.0456     3px=0.2761     5px=0.4581     7px=0.5656     10px=0.6581    
[   900, lr= 0.0000850]  epe=51.0560    1px=0.0468     3px=0.2797     5px=0.4732     7px=0.5867     10px=0.6737    
[  1000, lr= 0.0000927]  epe=48.9301    1px=0.0477     3px=0.2752     5px=0.4669     7px=0.5867     10px=0.6813    
[  1100, lr= 0.0001003]  epe=47.1196    1px=0.0451     3px=0.2633     5px=0.4556     7px=0.5728     10px=0.6665    
[  1200, lr= 0.0001080]  epe=39.0438    1px=0.0477     3px=0.2902     5px=0.4980     7px=0.6230     10px=0.7234    
[  1300, lr= 0.0001157]  epe=44.5582    1px=0.0477     3px=0.2885     5px=0.4839     7px=0.6028     10px=0.6984    
[  1400, lr= 0.0001234]  epe=39.8916    1px=0.0452     3px=0.2750     5px=0.4564     7px=0.5650     10px=0.6612    
[  1500, lr= 0.0001310]  epe=45.8089    1px=0.0528     3px=0.2918     5px=0.4841     7px=0.5994     10px=0.6865    
[  1600, lr= 0.0001387]  epe=45.4448    1px=0.0439     3px=0.2628     5px=0.4417     7px=0.5483     10px=0.6430    
[  1700, lr= 0.0001464]  epe=39.2734    1px=0.0523     3px=0.3063     5px=0.5134     7px=0.6267     10px=0.7124    
[  1800, lr= 0.0001541]  epe=44.6686    1px=0.0530     3px=0.2913     5px=0.4850     7px=0.6106     10px=0.7123    
[  1900, lr= 0.0001617]  epe=48.1077    1px=0.0479     3px=0.2860     5px=0.4772     7px=0.5876     10px=0.6737    
[  2000, lr= 0.0001694]  epe=43.3079    1px=0.0551     3px=0.3022     5px=0.4951     7px=0.6050     10px=0.6944    
[  2100, lr= 0.0001771]  epe=43.9436    1px=0.0457     3px=0.2822     5px=0.4771     7px=0.5964     10px=0.6922    
[  2200, lr= 0.0001847]  epe=50.9223    1px=0.0503     3px=0.2793     5px=0.4746     7px=0.5889     10px=0.6721    
[  2300, lr= 0.0001924]  epe=47.2771    1px=0.0483     3px=0.2783     5px=0.4597     7px=0.5663     10px=0.6602    
[  2400, lr= 0.0002001]  epe=42.3166    1px=0.0549     3px=0.2956     5px=0.4923     7px=0.6154     10px=0.7104    
[  2500, lr= 0.0002078]  epe=40.1039    1px=0.0464     3px=0.2814     5px=0.4698     7px=0.5909     10px=0.6868    
[  2600, lr= 0.0002154]  epe=42.4281    1px=0.0478     3px=0.2735     5px=0.4629     7px=0.5744     10px=0.6610    
[  2700, lr= 0.0002231]  epe=44.1625    1px=0.0471     3px=0.2955     5px=0.4845     7px=0.5992     10px=0.6932    
[  2800, lr= 0.0002308]  epe=43.7123    1px=0.0531     3px=0.2917     5px=0.4838     7px=0.5969     10px=0.6883    
[  2900, lr= 0.0002385]  epe=44.9062    1px=0.0497     3px=0.2960     5px=0.4952     7px=0.6057     10px=0.6921    
[  3000, lr= 0.0002461]  epe=52.1408    1px=0.0475     3px=0.2679     5px=0.4444     7px=0.5559     10px=0.6494    
[  3100, lr= 0.0002538]  epe=32.3852    1px=0.0541     3px=0.3134     5px=0.5185     7px=0.6335     10px=0.7214    
[  3200, lr= 0.0002615]  epe=45.5333    1px=0.0469     3px=0.2793     5px=0.4712     7px=0.5891     10px=0.6870    
[  3300, lr= 0.0002692]  epe=46.3182    1px=0.0500     3px=0.2828     5px=0.4621     7px=0.5717     10px=0.6661    
[  3400, lr= 0.0002768]  epe=44.6413    1px=0.0467     3px=0.2845     5px=0.4728     7px=0.5873     10px=0.6801    
[  3500, lr= 0.0002845]  epe=47.1206    1px=0.0462     3px=0.2729     5px=0.4602     7px=0.5746     10px=0.6650    
[  3600, lr= 0.0002922]  epe=45.5423    1px=0.0414     3px=0.2629     5px=0.4582     7px=0.5751     10px=0.6660    
[  3700, lr= 0.0002999]  epe=44.1975    1px=0.0517     3px=0.2819     5px=0.4634     7px=0.5781     10px=0.6729    
[  3800, lr= 0.0003075]  epe=43.3536    1px=0.0443     3px=0.2642     5px=0.4537     7px=0.5694     10px=0.6660    
[  3900, lr= 0.0003152]  epe=46.9057    1px=0.0499     3px=0.2814     5px=0.4607     7px=0.5687     10px=0.6597    
[  4000, lr= 0.0003229]  epe=48.6924    1px=0.0456     3px=0.2821     5px=0.4771     7px=0.5873     10px=0.6832    
[  4100, lr= 0.0003306]  epe=55.1568    1px=0.0421     3px=0.2610     5px=0.4496     7px=0.5626     10px=0.6604    
[  4200, lr= 0.0003382]  epe=43.3191    1px=0.0487     3px=0.2737     5px=0.4658     7px=0.5799     10px=0.6766    
[  4300, lr= 0.0003459]  epe=40.2119    1px=0.0518     3px=0.2965     5px=0.4801     7px=0.5895     10px=0.6788    
[  4400, lr= 0.0003536]  epe=44.6926    1px=0.0458     3px=0.2749     5px=0.4652     7px=0.5777     10px=0.6726    
[  4500, lr= 0.0003612]  epe=53.4590    1px=0.0430     3px=0.2632     5px=0.4482     7px=0.5682     10px=0.6674    
[  4600, lr= 0.0003689]  epe=51.4827    1px=0.0427     3px=0.2551     5px=0.4375     7px=0.5537     10px=0.6497    
[  4700, lr= 0.0003766]  epe=48.2539    1px=0.0446     3px=0.2721     5px=0.4612     7px=0.5765     10px=0.6696    
[  4800, lr= 0.0003843]  epe=51.1618    1px=0.0429     3px=0.2656     5px=0.4510     7px=0.5612     10px=0.6547    
[  4900, lr= 0.0003919]  epe=47.3471    1px=0.0417     3px=0.2701     5px=0.4648     7px=0.5866     10px=0.6816    
[  5000, lr= 0.0003996]  epe=51.6491    1px=0.0463     3px=0.2644     5px=0.4369     7px=0.5444     10px=0.6366    
<class 'numpy.ndarray'>
Validation ASphere EPE: 32.60550308227539,  out of 458000000 measurments
[  5100, lr= 0.0003996]  epe=37.9230    1px=0.0450     3px=0.2713     5px=0.4634     7px=0.5756     10px=0.6724    
[  5200, lr= 0.0003992]  epe=48.0142    1px=0.0463     3px=0.2741     5px=0.4699     7px=0.5830     10px=0.6736    
[  5300, lr= 0.0003988]  epe=45.9243    1px=0.0484     3px=0.2731     5px=0.4594     7px=0.5747     10px=0.6685    
[  5400, lr= 0.0003983]  epe=40.6412    1px=0.0456     3px=0.2757     5px=0.4701     7px=0.5869     10px=0.6839    
[  5500, lr= 0.0003979]  epe=38.1193    1px=0.0436     3px=0.2743     5px=0.4678     7px=0.5848     10px=0.6806    
[  5600, lr= 0.0003975]  epe=54.0772    1px=0.0453     3px=0.2694     5px=0.4582     7px=0.5661     10px=0.6535    
[  5700, lr= 0.0003971]  epe=44.8197    1px=0.0504     3px=0.2801     5px=0.4702     7px=0.5792     10px=0.6659    
[  5800, lr= 0.0003967]  epe=50.0341    1px=0.0487     3px=0.2859     5px=0.4743     7px=0.5899     10px=0.6807    
[  5900, lr= 0.0003962]  epe=48.8934    1px=0.0503     3px=0.2918     5px=0.4773     7px=0.5803     10px=0.6632    
[  6000, lr= 0.0003958]  epe=40.1130    1px=0.0479     3px=0.2830     5px=0.4739     7px=0.5925     10px=0.6873    
[  6100, lr= 0.0003954]  epe=40.2498    1px=0.0523     3px=0.2968     5px=0.4843     7px=0.5953     10px=0.6893    
[  6200, lr= 0.0003950]  epe=48.5351    1px=0.0465     3px=0.2773     5px=0.4610     7px=0.5697     10px=0.6558    
[  6300, lr= 0.0003946]  epe=55.5430    1px=0.0498     3px=0.2792     5px=0.4575     7px=0.5614     10px=0.6485    
[  6400, lr= 0.0003941]  epe=41.2911    1px=0.0488     3px=0.2810     5px=0.4711     7px=0.5957     10px=0.6945    
[  6500, lr= 0.0003937]  epe=42.5055    1px=0.0510     3px=0.2790     5px=0.4698     7px=0.5906     10px=0.6927    
[  6600, lr= 0.0003933]  epe=45.5588    1px=0.0493     3px=0.2952     5px=0.4870     7px=0.5954     10px=0.6815    
[  6700, lr= 0.0003929]  epe=52.5285    1px=0.0471     3px=0.2756     5px=0.4678     7px=0.5767     10px=0.6619    
[  6800, lr= 0.0003924]  epe=41.3906    1px=0.0532     3px=0.2999     5px=0.4909     7px=0.5932     10px=0.6811    
[  6900, lr= 0.0003920]  epe=48.5434    1px=0.0444     3px=0.2567     5px=0.4399     7px=0.5519     10px=0.6491    
[  7000, lr= 0.0003916]  epe=39.6118    1px=0.0515     3px=0.3047     5px=0.4968     7px=0.6093     10px=0.7024    
[  7100, lr= 0.0003912]  epe=41.9749    1px=0.0432     3px=0.2564     5px=0.4409     7px=0.5618     10px=0.6583    
[  7200, lr= 0.0003908]  epe=44.4722    1px=0.0487     3px=0.2874     5px=0.4823     7px=0.5981     10px=0.6919    
[  7300, lr= 0.0003903]  epe=45.0180    1px=0.0476     3px=0.2935     5px=0.4837     7px=0.5930     10px=0.6807    
[  7400, lr= 0.0003899]  epe=44.2644    1px=0.0508     3px=0.2846     5px=0.4698     7px=0.5851     10px=0.6812    
[  7500, lr= 0.0003895]  epe=39.8620    1px=0.0498     3px=0.2853     5px=0.4717     7px=0.5829     10px=0.6720    
[  7600, lr= 0.0003891]  epe=47.1676    1px=0.0547     3px=0.3053     5px=0.4973     7px=0.6083     10px=0.6944    
[  7700, lr= 0.0003887]  epe=45.9218    1px=0.0425     3px=0.2728     5px=0.4642     7px=0.5793     10px=0.6742    
[  7800, lr= 0.0003882]  epe=45.5269    1px=0.0537     3px=0.2919     5px=0.4838     7px=0.6010     10px=0.6905    
[  7900, lr= 0.0003878]  epe=41.3957    1px=0.0497     3px=0.2846     5px=0.4628     7px=0.5740     10px=0.6769    
[  8000, lr= 0.0003874]  epe=40.4306    1px=0.0558     3px=0.3056     5px=0.5012     7px=0.6123     10px=0.7050    
[  8100, lr= 0.0003870]  epe=46.9269    1px=0.0492     3px=0.2911     5px=0.4798     7px=0.5886     10px=0.6796    
[  8200, lr= 0.0003866]  epe=34.8220    1px=0.0510     3px=0.2978     5px=0.4825     7px=0.5909     10px=0.6863    
[  8300, lr= 0.0003861]  epe=42.3025    1px=0.0463     3px=0.2784     5px=0.4607     7px=0.5754     10px=0.6650    
[  8400, lr= 0.0003857]  epe=47.3474    1px=0.0500     3px=0.2732     5px=0.4504     7px=0.5685     10px=0.6695    
[  8500, lr= 0.0003853]  epe=44.0668    1px=0.0517     3px=0.2955     5px=0.4858     7px=0.5896     10px=0.6799    
[  8600, lr= 0.0003849]  epe=40.1628    1px=0.0464     3px=0.2818     5px=0.4734     7px=0.5888     10px=0.6882    
[  8700, lr= 0.0003845]  epe=43.1663    1px=0.0513     3px=0.2948     5px=0.4888     7px=0.6049     10px=0.6981    
[  8800, lr= 0.0003840]  epe=34.5888    1px=0.0558     3px=0.3183     5px=0.5098     7px=0.6208     10px=0.7091    
[  8900, lr= 0.0003836]  epe=47.8352    1px=0.0515     3px=0.3026     5px=0.4884     7px=0.5950     10px=0.6793    
[  9000, lr= 0.0003832]  epe=44.9084    1px=0.0482     3px=0.2802     5px=0.4720     7px=0.5892     10px=0.6852    
[  9100, lr= 0.0003828]  epe=46.5561    1px=0.0440     3px=0.2725     5px=0.4628     7px=0.5828     10px=0.6793    
[  9200, lr= 0.0003824]  epe=30.7924    1px=0.0511     3px=0.3133     5px=0.5126     7px=0.6280     10px=0.7201    
[  9300, lr= 0.0003819]  epe=50.9038    1px=0.0489     3px=0.2778     5px=0.4527     7px=0.5604     10px=0.6496    
[  9400, lr= 0.0003815]  epe=45.4485    1px=0.0515     3px=0.3013     5px=0.4926     7px=0.6005     10px=0.6874    
[  9500, lr= 0.0003811]  epe=32.5832    1px=0.0517     3px=0.2900     5px=0.4830     7px=0.6071     10px=0.7064    
[  9600, lr= 0.0003807]  epe=42.1019    1px=0.0507     3px=0.2913     5px=0.4839     7px=0.5998     10px=0.6929    
[  9700, lr= 0.0003803]  epe=40.2151    1px=0.0443     3px=0.2691     5px=0.4604     7px=0.5773     10px=0.6752    
[  9800, lr= 0.0003798]  epe=41.5905    1px=0.0583     3px=0.3077     5px=0.4924     7px=0.5999     10px=0.6887    
[  9900, lr= 0.0003794]  epe=40.9429    1px=0.0572     3px=0.2940     5px=0.4765     7px=0.5968     10px=0.6972    
[ 10000, lr= 0.0003790]  epe=33.3546    1px=0.0478     3px=0.2902     5px=0.4950     7px=0.6131     10px=0.7066    
<class 'numpy.ndarray'>
Validation ASphere EPE: 35.38994216918945,  out of 458000000 measurments
[ 10100, lr= 0.0003786]  epe=42.8244    1px=0.0492     3px=0.2796     5px=0.4724     7px=0.5903     10px=0.6940    
[ 10200, lr= 0.0003781]  epe=44.9124    1px=0.0473     3px=0.2828     5px=0.4711     7px=0.5849     10px=0.6826    
[ 10300, lr= 0.0003777]  epe=49.2467    1px=0.0427     3px=0.2705     5px=0.4582     7px=0.5774     10px=0.6737    
[ 10400, lr= 0.0003773]  epe=38.2058    1px=0.0540     3px=0.3037     5px=0.4955     7px=0.6065     10px=0.6990    
[ 10500, lr= 0.0003769]  epe=35.4073    1px=0.0552     3px=0.3099     5px=0.5075     7px=0.6156     10px=0.7040    
[ 10600, lr= 0.0003765]  epe=36.0372    1px=0.0426     3px=0.2663     5px=0.4607     7px=0.5788     10px=0.6743    
[ 10700, lr= 0.0003760]  epe=36.8273    1px=0.0496     3px=0.2822     5px=0.4687     7px=0.5846     10px=0.6831    
[ 10800, lr= 0.0003756]  epe=36.0554    1px=0.0525     3px=0.2987     5px=0.4858     7px=0.6003     10px=0.6956    
[ 10900, lr= 0.0003752]  epe=40.4968    1px=0.0532     3px=0.3056     5px=0.4935     7px=0.6013     10px=0.6873    
[ 11000, lr= 0.0003748]  epe=40.1194    1px=0.0538     3px=0.3151     5px=0.5108     7px=0.6217     10px=0.7071    
[ 11100, lr= 0.0003744]  epe=32.1314    1px=0.0505     3px=0.2948     5px=0.4937     7px=0.6114     10px=0.7106    
[ 11200, lr= 0.0003739]  epe=42.6924    1px=0.0501     3px=0.2865     5px=0.4782     7px=0.5884     10px=0.6769    
[ 11300, lr= 0.0003735]  epe=40.6280    1px=0.0497     3px=0.2931     5px=0.4782     7px=0.5914     10px=0.6890    
[ 11400, lr= 0.0003731]  epe=34.7891    1px=0.0546     3px=0.2974     5px=0.5042     7px=0.6273     10px=0.7264    
[ 11500, lr= 0.0003727]  epe=43.9301    1px=0.0539     3px=0.2940     5px=0.4791     7px=0.5928     10px=0.6853    
[ 11600, lr= 0.0003723]  epe=31.7163    1px=0.0527     3px=0.3053     5px=0.5049     7px=0.6227     10px=0.7154    
[ 11700, lr= 0.0003718]  epe=44.8120    1px=0.0570     3px=0.3160     5px=0.5153     7px=0.6317     10px=0.7205    
[ 11800, lr= 0.0003714]  epe=33.2874    1px=0.0535     3px=0.3126     5px=0.5038     7px=0.6158     10px=0.7110    
[ 11900, lr= 0.0003710]  epe=41.8835    1px=0.0505     3px=0.2881     5px=0.4767     7px=0.5906     10px=0.6879    
[ 12000, lr= 0.0003706]  epe=32.2189    1px=0.0560     3px=0.3062     5px=0.4983     7px=0.6070     10px=0.6969    
[ 12100, lr= 0.0003702]  epe=45.5400    1px=0.0556     3px=0.3070     5px=0.4941     7px=0.6014     10px=0.6876    
[ 12200, lr= 0.0003697]  epe=33.4917    1px=0.0517     3px=0.3096     5px=0.5111     7px=0.6334     10px=0.7348    
[ 12300, lr= 0.0003693]  epe=44.3614    1px=0.0501     3px=0.2847     5px=0.4722     7px=0.5924     10px=0.6902    
[ 12400, lr= 0.0003689]  epe=33.0623    1px=0.0577     3px=0.3159     5px=0.5059     7px=0.6211     10px=0.7097    
[ 12500, lr= 0.0003685]  epe=46.6177    1px=0.0435     3px=0.2739     5px=0.4616     7px=0.5832     10px=0.6802    
[ 12600, lr= 0.0003681]  epe=31.2528    1px=0.0530     3px=0.2981     5px=0.4920     7px=0.6079     10px=0.7056    
[ 12700, lr= 0.0003676]  epe=39.9404    1px=0.0518     3px=0.3037     5px=0.4910     7px=0.6004     10px=0.6925    
[ 12800, lr= 0.0003672]  epe=37.3050    1px=0.0546     3px=0.2960     5px=0.4801     7px=0.5924     10px=0.6853    
[ 12900, lr= 0.0003668]  epe=41.2125    1px=0.0481     3px=0.2907     5px=0.4876     7px=0.6002     10px=0.6940    
[ 13000, lr= 0.0003664]  epe=42.5202    1px=0.0536     3px=0.3054     5px=0.5006     7px=0.6189     10px=0.7123    
[ 13100, lr= 0.0003659]  epe=33.9957    1px=0.0537     3px=0.3075     5px=0.5049     7px=0.6197     10px=0.7148    
[ 13200, lr= 0.0003655]  epe=41.9869    1px=0.0505     3px=0.3017     5px=0.4994     7px=0.6143     10px=0.7063    
[ 13300, lr= 0.0003651]  epe=40.9185    1px=0.0550     3px=0.2977     5px=0.4926     7px=0.6152     10px=0.7079    
[ 13400, lr= 0.0003647]  epe=35.6297    1px=0.0482     3px=0.2852     5px=0.4814     7px=0.5992     10px=0.6946    
[ 13500, lr= 0.0003643]  epe=41.5120    1px=0.0539     3px=0.3159     5px=0.5109     7px=0.6219     10px=0.7031    
[ 13600, lr= 0.0003638]  epe=30.6518    1px=0.0554     3px=0.3151     5px=0.5169     7px=0.6347     10px=0.7322    
[ 13700, lr= 0.0003634]  epe=39.1970    1px=0.0518     3px=0.2934     5px=0.4884     7px=0.6093     10px=0.7088    
[ 13800, lr= 0.0003630]  epe=36.4407    1px=0.0603     3px=0.3126     5px=0.5020     7px=0.6149     10px=0.7092    
[ 13900, lr= 0.0003626]  epe=51.7398    1px=0.0479     3px=0.2866     5px=0.4633     7px=0.5646     10px=0.6554    
[ 14000, lr= 0.0003622]  epe=34.7318    1px=0.0505     3px=0.2904     5px=0.4836     7px=0.5942     10px=0.6845    
[ 14100, lr= 0.0003617]  epe=44.4043    1px=0.0573     3px=0.3011     5px=0.4811     7px=0.5888     10px=0.6770    
[ 14200, lr= 0.0003613]  epe=36.3859    1px=0.0521     3px=0.3004     5px=0.4924     7px=0.6005     10px=0.6856    
[ 14300, lr= 0.0003609]  epe=37.1551    1px=0.0501     3px=0.3086     5px=0.5192     7px=0.6435     10px=0.7360    
[ 14400, lr= 0.0003605]  epe=43.9739    1px=0.0491     3px=0.2851     5px=0.4759     7px=0.5870     10px=0.6806    
[ 14500, lr= 0.0003601]  epe=31.8190    1px=0.0566     3px=0.3205     5px=0.5141     7px=0.6307     10px=0.7249    
[ 14600, lr= 0.0003596]  epe=26.3376    1px=0.0520     3px=0.3028     5px=0.5064     7px=0.6307     10px=0.7282    
[ 14700, lr= 0.0003592]  epe=31.5965    1px=0.0510     3px=0.2955     5px=0.4918     7px=0.6062     10px=0.7016    
[ 14800, lr= 0.0003588]  epe=32.8689    1px=0.0549     3px=0.3149     5px=0.5064     7px=0.6163     10px=0.7072    
