Parameter Count: 5257536
Training with: lr=0.0004, batch_size=2, image_size=[1152, 1152]
<class 'numpy.ndarray'>
Training with 1860 image pairs
[   100, lr= 0.0000236]  epe=nan        3px=nan        5px=nan        10px=nan       
[   200, lr= 0.0000313]  epe=48.9604    3px=0.2465     5px=0.4272     10px=0.6282    
[   300, lr= 0.0000389]  epe=50.0917    3px=0.2711     5px=0.4506     10px=0.6473    
[   400, lr= 0.0000466]  epe=44.5718    3px=0.2773     5px=0.4575     10px=0.6685    
[   500, lr= 0.0000543]  epe=44.7901    3px=0.2781     5px=0.4757     10px=0.6738    
[   600, lr= 0.0000620]  epe=48.0748    3px=0.2577     5px=0.4645     10px=0.6653    
[   700, lr= 0.0000696]  epe=nan        3px=nan        5px=nan        10px=nan       
[   800, lr= 0.0000773]  epe=51.9715    3px=0.2669     5px=0.4566     10px=0.6686    
[   900, lr= 0.0000850]  epe=51.5516    3px=0.2845     5px=0.4808     10px=0.7040    
[  1000, lr= 0.0000927]  epe=59.3940    3px=0.2808     5px=0.4641     10px=0.6589    
[  1100, lr= 0.0001003]  epe=37.9271    3px=0.3044     5px=0.5075     10px=0.7054    
[  1200, lr= 0.0001080]  epe=39.1299    3px=0.3092     5px=0.4919     10px=0.6923    
[  1300, lr= 0.0001157]  epe=56.5066    3px=0.2568     5px=0.4320     10px=0.6349    
[  1400, lr= 0.0001234]  epe=nan        3px=nan        5px=nan        10px=nan       
[  1500, lr= 0.0001310]  epe=48.9144    3px=0.2671     5px=0.4581     10px=0.6831    
[  1600, lr= 0.0001387]  epe=49.2094    3px=0.2711     5px=0.4626     10px=0.6643    
[  1700, lr= 0.0001464]  epe=53.9956    3px=0.2997     5px=0.4868     10px=0.6710    
[  1800, lr= 0.0001541]  epe=37.6386    3px=0.3127     5px=0.5231     10px=0.7205    
[  1900, lr= 0.0001617]  epe=50.8485    3px=0.2760     5px=0.4618     10px=0.6471    
[  2000, lr= 0.0001694]  epe=30.2502    3px=0.3049     5px=0.5073     10px=0.7112    
[  2100, lr= 0.0001771]  epe=nan        3px=nan        5px=nan        10px=nan       
[  2200, lr= 0.0001847]  epe=45.7840    3px=0.3025     5px=0.4771     10px=0.6782    
[  2300, lr= 0.0001924]  epe=42.2040    3px=0.3245     5px=0.5169     10px=0.7218    
[  2400, lr= 0.0002001]  epe=27.6043    3px=0.3364     5px=0.5429     10px=0.7470    
[  2500, lr= 0.0002078]  epe=nan        3px=nan        5px=nan        10px=nan       
[  2600, lr= 0.0002154]  epe=44.7925    3px=0.2863     5px=0.4795     10px=0.6832    
[  2700, lr= 0.0002231]  epe=46.7198    3px=0.2803     5px=0.4687     10px=0.6646    
[  2800, lr= 0.0002308]  epe=41.5204    3px=0.2782     5px=0.4818     10px=0.6960    
[  2900, lr= 0.0002385]  epe=49.8692    3px=0.2877     5px=0.4834     10px=0.6800    
[  3000, lr= 0.0002461]  epe=56.0965    3px=0.2953     5px=0.4807     10px=0.6595    
[  3100, lr= 0.0002538]  epe=32.6442    3px=0.2676     5px=0.4480     10px=0.6720    
[  3200, lr= 0.0002615]  epe=55.2790    3px=0.2614     5px=0.4406     10px=0.6444    
[  3300, lr= 0.0002692]  epe=34.6440    3px=0.2766     5px=0.4820     10px=0.7183    
[  3400, lr= 0.0002768]  epe=35.3878    3px=0.2909     5px=0.4884     10px=0.6999    
[  3500, lr= 0.0002845]  epe=52.4795    3px=0.2913     5px=0.4867     10px=0.6810    
[  3600, lr= 0.0002922]  epe=47.6296    3px=0.2847     5px=0.4718     10px=0.6672    
[  3700, lr= 0.0002999]  epe=53.8459    3px=0.2640     5px=0.4457     10px=0.6443    
[  3800, lr= 0.0003075]  epe=49.2477    3px=0.2789     5px=0.4504     10px=0.6430    
[  3900, lr= 0.0003152]  epe=30.0328    3px=0.3309     5px=0.5316     10px=0.7308    
[  4000, lr= 0.0003229]  epe=50.6971    3px=0.2795     5px=0.4679     10px=0.6609    
[  4100, lr= 0.0003306]  epe=53.0416    3px=0.2785     5px=0.4707     10px=0.6693    
[  4200, lr= 0.0003382]  epe=50.6724    3px=0.2607     5px=0.4388     10px=0.6434    
[  4300, lr= 0.0003459]  epe=48.7121    3px=0.2729     5px=0.4692     10px=0.6786    
[  4400, lr= 0.0003536]  epe=54.0490    3px=0.2710     5px=0.4552     10px=0.6523    
[  4500, lr= 0.0003612]  epe=44.7850    3px=0.3015     5px=0.4723     10px=0.6596    
[  4600, lr= 0.0003689]  epe=43.7972    3px=0.2692     5px=0.4484     10px=0.6653    
[  4700, lr= 0.0003766]  epe=44.1742    3px=0.3269     5px=0.5112     10px=0.6886    
[  4800, lr= 0.0003843]  epe=45.0647    3px=0.2953     5px=0.4942     10px=0.6882    
[  4900, lr= 0.0003919]  epe=31.6769    3px=0.2707     5px=0.4673     10px=0.6930    
[  5000, lr= 0.0003996]  epe=60.9900    3px=0.2497     5px=0.4224     10px=0.6120    
<class 'numpy.ndarray'>
Validation ASphere EPE: 51.40926742553711,  out of 458000000 measurments
[  5100, lr= 0.0003996]  epe=53.5851    3px=0.2489     5px=0.4384     10px=0.6556    
[  5200, lr= 0.0003992]  epe=48.1737    3px=0.2571     5px=0.4355     10px=0.6339    
[  5300, lr= 0.0003988]  epe=42.9509    3px=0.2586     5px=0.4446     10px=0.6392    
[  5400, lr= 0.0003983]  epe=50.7488    3px=0.2762     5px=0.4601     10px=0.6581    
[  5500, lr= 0.0003979]  epe=50.7827    3px=0.3006     5px=0.4864     10px=0.6793    
[  5600, lr= 0.0003975]  epe=56.1165    3px=0.2440     5px=0.4393     10px=0.6563    
[  5700, lr= 0.0003971]  epe=29.9987    3px=0.2810     5px=0.4734     10px=0.6928    
[  5800, lr= 0.0003967]  epe=50.2767    3px=0.2913     5px=0.4809     10px=0.6735    
[  5900, lr= 0.0003962]  epe=54.8890    3px=0.2993     5px=0.4792     10px=0.6597    
[  6000, lr= 0.0003958]  epe=nan        3px=nan        5px=nan        10px=nan       
[  6100, lr= 0.0003954]  epe=31.3370    3px=0.3119     5px=0.5168     10px=0.7314    
[  6200, lr= 0.0003950]  epe=39.2139    3px=0.2785     5px=0.4737     10px=0.6841    
[  6300, lr= 0.0003946]  epe=45.3158    3px=0.2758     5px=0.4738     10px=0.6789    
[  6400, lr= 0.0003941]  epe=nan        3px=nan        5px=nan        10px=nan       
[  6500, lr= 0.0003937]  epe=48.9575    3px=0.2568     5px=0.4354     10px=0.6527    
[  6600, lr= 0.0003933]  epe=nan        3px=nan        5px=nan        10px=nan       
[  6700, lr= 0.0003929]  epe=46.6145    3px=0.2707     5px=0.4620     10px=0.6664    
[  6800, lr= 0.0003924]  epe=53.9976    3px=0.2850     5px=0.4734     10px=0.6831    
[  6900, lr= 0.0003920]  epe=59.4227    3px=0.2909     5px=0.4694     10px=0.6698    
[  7000, lr= 0.0003916]  epe=47.1638    3px=0.2616     5px=0.4397     10px=0.6439    
[  7100, lr= 0.0003912]  epe=48.6593    3px=0.2719     5px=0.4481     10px=0.6517    
[  7200, lr= 0.0003908]  epe=48.6593    3px=0.2780     5px=0.4682     10px=0.6628    
[  7300, lr= 0.0003903]  epe=40.4459    3px=0.2692     5px=0.4625     10px=0.6805    
[  7400, lr= 0.0003899]  epe=nan        3px=nan        5px=nan        10px=nan       
[  7500, lr= 0.0003895]  epe=35.2825    3px=0.2762     5px=0.4693     10px=0.6912    
[  7600, lr= 0.0003891]  epe=42.9872    3px=0.2861     5px=0.4726     10px=0.6669    
[  7700, lr= 0.0003887]  epe=37.4278    3px=0.3262     5px=0.5096     10px=0.7020    
[  7800, lr= 0.0003882]  epe=56.3588    3px=0.2648     5px=0.4482     10px=0.6580    
[  7900, lr= 0.0003878]  epe=nan        3px=nan        5px=nan        10px=nan       
[  8000, lr= 0.0003874]  epe=38.3355    3px=0.3094     5px=0.5228     10px=0.7318    
[  8100, lr= 0.0003870]  epe=56.0719    3px=0.2832     5px=0.4674     10px=0.6684    
[  8200, lr= 0.0003866]  epe=53.2963    3px=0.2452     5px=0.4279     10px=0.6343    
[  8300, lr= 0.0003861]  epe=53.1816    3px=0.2925     5px=0.4808     10px=0.6772    
[  8400, lr= 0.0003857]  epe=37.2498    3px=0.2843     5px=0.4756     10px=0.6946    
[  8500, lr= 0.0003853]  epe=32.1169    3px=0.2846     5px=0.4808     10px=0.7066    
[  8600, lr= 0.0003849]  epe=44.5375    3px=0.3046     5px=0.4833     10px=0.6615    
[  8700, lr= 0.0003845]  epe=42.4736    3px=0.2905     5px=0.4798     10px=0.6891    
[  8800, lr= 0.0003840]  epe=44.3676    3px=0.2918     5px=0.4852     10px=0.6799    
[  8900, lr= 0.0003836]  epe=53.4130    3px=0.2653     5px=0.4559     10px=0.6466    
[  9000, lr= 0.0003832]  epe=58.4896    3px=0.2869     5px=0.4843     10px=0.6994    
[  9100, lr= 0.0003828]  epe=38.8719    3px=0.2866     5px=0.4699     10px=0.6825    
[  9200, lr= 0.0003824]  epe=nan        3px=nan        5px=nan        10px=nan       
[  9300, lr= 0.0003819]  epe=nan        3px=nan        5px=nan        10px=nan       
[  9400, lr= 0.0003815]  epe=39.9449    3px=0.3225     5px=0.5061     10px=0.7120    
[  9500, lr= 0.0003811]  epe=nan        3px=nan        5px=nan        10px=nan       
[  9600, lr= 0.0003807]  epe=54.2603    3px=0.2937     5px=0.4805     10px=0.6869    
[  9700, lr= 0.0003803]  epe=41.6512    3px=0.2960     5px=0.4861     10px=0.7047    
[  9800, lr= 0.0003798]  epe=nan        3px=nan        5px=nan        10px=nan       
[  9900, lr= 0.0003794]  epe=46.1336    3px=0.2720     5px=0.4481     10px=0.6510    
[ 10000, lr= 0.0003790]  epe=42.4540    3px=0.2889     5px=0.4793     10px=0.6770    
<class 'numpy.ndarray'>
Validation ASphere EPE: 28.31972885131836,  out of 458000000 measurments
[ 10100, lr= 0.0003786]  epe=43.7825    3px=0.2972     5px=0.4884     10px=0.6792    
[ 10200, lr= 0.0003781]  epe=34.6533    3px=0.3081     5px=0.5161     10px=0.7369    
[ 10300, lr= 0.0003777]  epe=55.1664    3px=0.3310     5px=0.5304     10px=0.7146    
[ 10400, lr= 0.0003773]  epe=32.3508    3px=0.2988     5px=0.4989     10px=0.7030    
[ 10500, lr= 0.0003769]  epe=42.5835    3px=0.2981     5px=0.4905     10px=0.6801    
[ 10600, lr= 0.0003765]  epe=39.9979    3px=0.3044     5px=0.4995     10px=0.7088    
[ 10700, lr= 0.0003760]  epe=29.5216    3px=0.3099     5px=0.5178     10px=0.7353    
[ 10800, lr= 0.0003756]  epe=43.2100    3px=0.3239     5px=0.5155     10px=0.7194    
[ 10900, lr= 0.0003752]  epe=30.0803    3px=0.3200     5px=0.5232     10px=0.7287    
[ 11000, lr= 0.0003748]  epe=44.3667    3px=0.2608     5px=0.4452     10px=0.6473    
[ 11100, lr= 0.0003744]  epe=50.1743    3px=0.2908     5px=0.4868     10px=0.6888    
[ 11200, lr= 0.0003739]  epe=42.1351    3px=0.2885     5px=0.4700     10px=0.6774    
[ 11300, lr= 0.0003735]  epe=52.1980    3px=0.3007     5px=0.4777     10px=0.6598    
[ 11400, lr= 0.0003731]  epe=nan        3px=nan        5px=nan        10px=nan       
[ 11500, lr= 0.0003727]  epe=41.3187    3px=0.2983     5px=0.4817     10px=0.6825    
[ 11600, lr= 0.0003723]  epe=40.8569    3px=0.2984     5px=0.4811     10px=0.6788    
[ 11700, lr= 0.0003718]  epe=46.7971    3px=0.3006     5px=0.4891     10px=0.6916    
[ 11800, lr= 0.0003714]  epe=39.2479    3px=0.2842     5px=0.4866     10px=0.7108    
[ 11900, lr= 0.0003710]  epe=34.9577    3px=0.2995     5px=0.4991     10px=0.7026    
[ 12000, lr= 0.0003706]  epe=37.0793    3px=0.2972     5px=0.5015     10px=0.7047    
[ 12100, lr= 0.0003702]  epe=32.9425    3px=0.3237     5px=0.5251     10px=0.7329    
[ 12200, lr= 0.0003697]  epe=nan        3px=nan        5px=nan        10px=nan       
[ 12300, lr= 0.0003693]  epe=47.7308    3px=0.3045     5px=0.5076     10px=0.7065    
[ 12400, lr= 0.0003689]  epe=37.3065    3px=0.3011     5px=0.4813     10px=0.6737    
[ 12500, lr= 0.0003685]  epe=nan        3px=nan        5px=nan        10px=nan       
[ 12600, lr= 0.0003681]  epe=37.2367    3px=0.2983     5px=0.4967     10px=0.7136    
[ 12700, lr= 0.0003676]  epe=40.4279    3px=0.2822     5px=0.4752     10px=0.6817    
[ 12800, lr= 0.0003672]  epe=42.7192    3px=0.3056     5px=0.4874     10px=0.6904    
[ 12900, lr= 0.0003668]  epe=36.6249    3px=0.3180     5px=0.5133     10px=0.7229    
[ 13000, lr= 0.0003664]  epe=28.5781    3px=0.3118     5px=0.5226     10px=0.7468    
[ 13100, lr= 0.0003659]  epe=35.4604    3px=0.3417     5px=0.5591     10px=0.7518    
[ 13200, lr= 0.0003655]  epe=37.5344    3px=0.2873     5px=0.4760     10px=0.6850    
[ 13300, lr= 0.0003651]  epe=38.0253    3px=0.3137     5px=0.5073     10px=0.7119    
[ 13400, lr= 0.0003647]  epe=49.0938    3px=0.2798     5px=0.4663     10px=0.6713    
[ 13500, lr= 0.0003643]  epe=31.8633    3px=0.3184     5px=0.5075     10px=0.7044    
[ 13600, lr= 0.0003638]  epe=30.3799    3px=0.3365     5px=0.5432     10px=0.7453    
[ 13700, lr= 0.0003634]  epe=47.8287    3px=0.3159     5px=0.5142     10px=0.7064    
[ 13800, lr= 0.0003630]  epe=35.0385    3px=0.2797     5px=0.4713     10px=0.6774    
[ 13900, lr= 0.0003626]  epe=25.9963    3px=0.3072     5px=0.5101     10px=0.7401    
[ 14000, lr= 0.0003622]  epe=31.4145    3px=0.3499     5px=0.5515     10px=0.7405    
[ 14100, lr= 0.0003617]  epe=42.0440    3px=0.2962     5px=0.4920     10px=0.6942    
[ 14200, lr= 0.0003613]  epe=45.3259    3px=0.2951     5px=0.4831     10px=0.6822    
[ 14300, lr= 0.0003609]  epe=nan        3px=nan        5px=nan        10px=nan       
[ 14400, lr= 0.0003605]  epe=nan        3px=nan        5px=nan        10px=nan       
[ 14500, lr= 0.0003601]  epe=39.8760    3px=0.2976     5px=0.4920     10px=0.7055    
[ 14600, lr= 0.0003596]  epe=29.5163    3px=0.3325     5px=0.5323     10px=0.7276    
[ 14700, lr= 0.0003592]  epe=41.7334    3px=0.3445     5px=0.5262     10px=0.7055    
[ 14800, lr= 0.0003588]  epe=45.5029    3px=0.3001     5px=0.4946     10px=0.6872    
[ 14900, lr= 0.0003584]  epe=34.9118    3px=0.3162     5px=0.5045     10px=0.6979    
[ 15000, lr= 0.0003580]  epe=32.7761    3px=0.3020     5px=0.4847     10px=0.6841    
<class 'numpy.ndarray'>
Validation ASphere EPE: 35.71632766723633,  out of 458000000 measurments
[ 15100, lr= 0.0003575]  epe=28.1511    3px=0.3394     5px=0.5471     10px=0.7710    
[ 15200, lr= 0.0003571]  epe=33.6947    3px=0.3022     5px=0.4971     10px=0.7100    
[ 15300, lr= 0.0003567]  epe=51.4880    3px=0.3170     5px=0.5084     10px=0.7057    
[ 15400, lr= 0.0003563]  epe=nan        3px=nan        5px=nan        10px=nan       
[ 15500, lr= 0.0003559]  epe=32.9149    3px=0.3139     5px=0.5193     10px=0.7452    
[ 15600, lr= 0.0003554]  epe=nan        3px=nan        5px=nan        10px=nan       
[ 15700, lr= 0.0003550]  epe=27.0314    3px=0.3067     5px=0.5023     10px=0.7263    
[ 15800, lr= 0.0003546]  epe=34.9280    3px=0.2878     5px=0.4816     10px=0.7008    
[ 15900, lr= 0.0003542]  epe=41.8720    3px=0.3504     5px=0.5518     10px=0.7322    
[ 16000, lr= 0.0003538]  epe=23.9471    3px=0.3112     5px=0.5327     10px=0.7525    
[ 16100, lr= 0.0003533]  epe=nan        3px=nan        5px=nan        10px=nan       
[ 16200, lr= 0.0003529]  epe=37.5015    3px=0.2938     5px=0.4894     10px=0.6883    
[ 16300, lr= 0.0003525]  epe=30.4741    3px=0.3301     5px=0.5360     10px=0.7341    
[ 16400, lr= 0.0003521]  epe=46.0976    3px=0.2787     5px=0.4818     10px=0.6879    
[ 16500, lr= 0.0003516]  epe=36.2438    3px=0.2850     5px=0.4815     10px=0.6861    
[ 16600, lr= 0.0003512]  epe=35.2721    3px=0.3398     5px=0.5324     10px=0.7327    
[ 16700, lr= 0.0003508]  epe=41.1941    3px=0.3047     5px=0.4906     10px=0.6880    
[ 16800, lr= 0.0003504]  epe=34.6598    3px=0.2866     5px=0.4860     10px=0.6893    
[ 16900, lr= 0.0003500]  epe=52.4762    3px=0.2985     5px=0.4754     10px=0.6628    
[ 17000, lr= 0.0003495]  epe=34.8822    3px=0.3471     5px=0.5380     10px=0.7201    
[ 17100, lr= 0.0003491]  epe=27.9209    3px=0.3144     5px=0.5313     10px=0.7566    
[ 17200, lr= 0.0003487]  epe=44.4260    3px=0.3234     5px=0.5107     10px=0.6985    
[ 17300, lr= 0.0003483]  epe=25.0765    3px=0.3472     5px=0.5511     10px=0.7722    
[ 17400, lr= 0.0003479]  epe=40.4961    3px=0.2911     5px=0.4780     10px=0.6862    
[ 17500, lr= 0.0003474]  epe=23.0439    3px=0.3392     5px=0.5339     10px=0.7389    
[ 17600, lr= 0.0003470]  epe=38.8665    3px=0.3285     5px=0.5161     10px=0.6991    
[ 17700, lr= 0.0003466]  epe=nan        3px=nan        5px=nan        10px=nan       
[ 17800, lr= 0.0003462]  epe=33.6125    3px=0.3226     5px=0.5303     10px=0.7423    
[ 17900, lr= 0.0003458]  epe=nan        3px=nan        5px=nan        10px=nan       
[ 18000, lr= 0.0003453]  epe=33.1476    3px=0.3321     5px=0.5327     10px=0.7394    
[ 18100, lr= 0.0003449]  epe=47.4093    3px=0.3070     5px=0.5141     10px=0.7184    
[ 18200, lr= 0.0003445]  epe=38.9248    3px=0.3315     5px=0.5291     10px=0.7161    
[ 18300, lr= 0.0003441]  epe=43.8178    3px=0.2804     5px=0.4730     10px=0.6888    
[ 18400, lr= 0.0003437]  epe=32.3276    3px=0.3099     5px=0.5191     10px=0.7337    
[ 18500, lr= 0.0003432]  epe=30.6549    3px=0.3046     5px=0.4965     10px=0.7082    
[ 18600, lr= 0.0003428]  epe=41.1185    3px=0.2935     5px=0.4874     10px=0.6943    
[ 18700, lr= 0.0003424]  epe=32.5418    3px=0.3795     5px=0.5964     10px=0.7737    
[ 18800, lr= 0.0003420]  epe=35.9879    3px=0.2998     5px=0.4892     10px=0.6850    
[ 18900, lr= 0.0003416]  epe=26.2018    3px=0.3394     5px=0.5299     10px=0.7433    
[ 19000, lr= 0.0003411]  epe=26.4776    3px=0.3298     5px=0.5476     10px=0.7607    
[ 19100, lr= 0.0003407]  epe=37.8177    3px=0.3436     5px=0.5364     10px=0.7127    
[ 19200, lr= 0.0003403]  epe=34.3049    3px=0.3401     5px=0.5403     10px=0.7391    
[ 19300, lr= 0.0003399]  epe=35.2653    3px=0.2918     5px=0.4771     10px=0.6821    
[ 19400, lr= 0.0003395]  epe=32.8734    3px=0.2975     5px=0.4948     10px=0.7039    
[ 19500, lr= 0.0003390]  epe=40.6391    3px=0.3231     5px=0.5018     10px=0.6960    
[ 19600, lr= 0.0003386]  epe=33.4258    3px=0.3413     5px=0.5474     10px=0.7427    
[ 19700, lr= 0.0003382]  epe=42.9219    3px=0.2744     5px=0.4771     10px=0.7039    
[ 19800, lr= 0.0003378]  epe=nan        3px=nan        5px=nan        10px=nan       
[ 19900, lr= 0.0003373]  epe=nan        3px=nan        5px=nan        10px=nan       
[ 20000, lr= 0.0003369]  epe=29.8191    3px=0.3356     5px=0.5419     10px=0.7451    
<class 'numpy.ndarray'>
Validation ASphere EPE: 31.17629623413086,  out of 458000000 measurments
[ 20100, lr= 0.0003365]  epe=33.6941    3px=0.3207     5px=0.5193     10px=0.7289    
[ 20200, lr= 0.0003361]  epe=33.4663    3px=0.3193     5px=0.5251     10px=0.7315    
[ 20300, lr= 0.0003357]  epe=nan        3px=nan        5px=nan        10px=nan       
[ 20400, lr= 0.0003352]  epe=39.0069    3px=0.3114     5px=0.4975     10px=0.6866    
[ 20500, lr= 0.0003348]  epe=33.4228    3px=0.3247     5px=0.5135     10px=0.7038    
[ 20600, lr= 0.0003344]  epe=29.7203    3px=0.3060     5px=0.4936     10px=0.7098    
[ 20700, lr= 0.0003340]  epe=nan        3px=nan        5px=nan        10px=nan       
[ 20800, lr= 0.0003336]  epe=46.7794    3px=0.3338     5px=0.5351     10px=0.7347    
[ 20900, lr= 0.0003331]  epe=31.6004    3px=0.3330     5px=0.5212     10px=0.7213    
[ 21000, lr= 0.0003327]  epe=31.9131    3px=0.3317     5px=0.5193     10px=0.7357    
[ 21100, lr= 0.0003323]  epe=40.3803    3px=0.2918     5px=0.4941     10px=0.6997    
[ 21200, lr= 0.0003319]  epe=28.6007    3px=0.3175     5px=0.5317     10px=0.7371    
[ 21300, lr= 0.0003315]  epe=43.2561    3px=0.3246     5px=0.5210     10px=0.7129    
[ 21400, lr= 0.0003310]  epe=nan        3px=nan        5px=nan        10px=nan       
[ 21500, lr= 0.0003306]  epe=32.3929    3px=0.3346     5px=0.5268     10px=0.7320    
[ 21600, lr= 0.0003302]  epe=35.7091    3px=0.3221     5px=0.5149     10px=0.7162    
[ 21700, lr= 0.0003298]  epe=32.6737    3px=0.3397     5px=0.5280     10px=0.7292    
[ 21800, lr= 0.0003294]  epe=31.5547    3px=0.3056     5px=0.5105     10px=0.7292    
[ 21900, lr= 0.0003289]  epe=39.5839    3px=0.3071     5px=0.4945     10px=0.7010    
[ 22000, lr= 0.0003285]  epe=29.2387    3px=0.3200     5px=0.5282     10px=0.7407    
[ 22100, lr= 0.0003281]  epe=nan        3px=nan        5px=nan        10px=nan       
[ 22200, lr= 0.0003277]  epe=nan        3px=nan        5px=nan        10px=nan       
[ 22300, lr= 0.0003273]  epe=36.6012    3px=0.3189     5px=0.5116     10px=0.7075    
[ 22400, lr= 0.0003268]  epe=32.8723    3px=0.3307     5px=0.5219     10px=0.7117    
[ 22500, lr= 0.0003264]  epe=31.4194    3px=0.3321     5px=0.5328     10px=0.7460    
[ 22600, lr= 0.0003260]  epe=37.2520    3px=0.3150     5px=0.5101     10px=0.7136    
[ 22700, lr= 0.0003256]  epe=46.1200    3px=0.3226     5px=0.5223     10px=0.7289    
[ 22800, lr= 0.0003251]  epe=31.3849    3px=0.3370     5px=0.5403     10px=0.7517    
[ 22900, lr= 0.0003247]  epe=38.0969    3px=0.3374     5px=0.5100     10px=0.6883    
[ 23000, lr= 0.0003243]  epe=28.1933    3px=0.3287     5px=0.5432     10px=0.7585    
[ 23100, lr= 0.0003239]  epe=29.4183    3px=0.3144     5px=0.5248     10px=0.7383    
[ 23200, lr= 0.0003235]  epe=20.8463    3px=0.3598     5px=0.5638     10px=0.7739    
[ 23300, lr= 0.0003230]  epe=38.1159    3px=0.3134     5px=0.5146     10px=0.7210    
[ 23400, lr= 0.0003226]  epe=nan        3px=nan        5px=nan        10px=nan       
[ 23500, lr= 0.0003222]  epe=38.8972    3px=0.3119     5px=0.5059     10px=0.6986    
[ 23600, lr= 0.0003218]  epe=21.2602    3px=0.3426     5px=0.5582     10px=0.7831    
[ 23700, lr= 0.0003214]  epe=37.6523    3px=0.3166     5px=0.5051     10px=0.7227    
[ 23800, lr= 0.0003209]  epe=28.3643    3px=0.3234     5px=0.5223     10px=0.7438    
[ 23900, lr= 0.0003205]  epe=24.3469    3px=0.3754     5px=0.5597     10px=0.7352    
[ 24000, lr= 0.0003201]  epe=32.2753    3px=0.3193     5px=0.5167     10px=0.7122    
[ 24100, lr= 0.0003197]  epe=nan        3px=nan        5px=nan        10px=nan       
[ 24200, lr= 0.0003193]  epe=39.5860    3px=0.3231     5px=0.5181     10px=0.7186    
[ 24300, lr= 0.0003188]  epe=26.6781    3px=0.3480     5px=0.5454     10px=0.7557    
[ 24400, lr= 0.0003184]  epe=26.0843    3px=0.3508     5px=0.5366     10px=0.7363    
[ 24500, lr= 0.0003180]  epe=35.8501    3px=0.3127     5px=0.4885     10px=0.6801    
[ 24600, lr= 0.0003176]  epe=27.8334    3px=0.3419     5px=0.5517     10px=0.7556    
[ 24700, lr= 0.0003172]  epe=29.0074    3px=0.3340     5px=0.5364     10px=0.7226    
[ 24800, lr= 0.0003167]  epe=30.0614    3px=0.3346     5px=0.5426     10px=0.7465    
[ 24900, lr= 0.0003163]  epe=36.9380    3px=0.3399     5px=0.5264     10px=0.7162    
[ 25000, lr= 0.0003159]  epe=46.0394    3px=0.3169     5px=0.5103     10px=0.7111    
<class 'numpy.ndarray'>
Validation ASphere EPE: 21.248924255371094,  out of 458000000 measurments
[ 25100, lr= 0.0003155]  epe=31.5244    3px=0.3403     5px=0.5391     10px=0.7458    
[ 25200, lr= 0.0003151]  epe=29.6032    3px=0.3081     5px=0.5266     10px=0.7482    
[ 25300, lr= 0.0003146]  epe=20.6067    3px=0.3816     5px=0.5888     10px=0.7927    
[ 25400, lr= 0.0003142]  epe=nan        3px=nan        5px=nan        10px=nan       
[ 25500, lr= 0.0003138]  epe=33.8080    3px=0.3103     5px=0.4865     10px=0.6869    
[ 25600, lr= 0.0003134]  epe=nan        3px=nan        5px=nan        10px=nan       
[ 25700, lr= 0.0003130]  epe=27.1528    3px=0.3303     5px=0.5271     10px=0.7352    
[ 25800, lr= 0.0003125]  epe=nan        3px=nan        5px=nan        10px=nan       
[ 25900, lr= 0.0003121]  epe=34.5709    3px=0.3129     5px=0.5249     10px=0.7302    
[ 26000, lr= 0.0003117]  epe=nan        3px=nan        5px=nan        10px=nan       
[ 26100, lr= 0.0003113]  epe=31.9349    3px=0.3499     5px=0.5522     10px=0.7451    
[ 26200, lr= 0.0003108]  epe=36.3765    3px=0.3131     5px=0.5091     10px=0.7104    
[ 26300, lr= 0.0003104]  epe=35.0579    3px=0.3384     5px=0.5463     10px=0.7360    
[ 26400, lr= 0.0003100]  epe=28.5616    3px=0.3397     5px=0.5453     10px=0.7668    
[ 26500, lr= 0.0003096]  epe=nan        3px=nan        5px=nan        10px=nan       
[ 26600, lr= 0.0003092]  epe=29.2673    3px=0.3212     5px=0.5215     10px=0.7384    
[ 26700, lr= 0.0003087]  epe=37.2646    3px=0.2892     5px=0.4991     10px=0.7170    
[ 26800, lr= 0.0003083]  epe=28.0248    3px=0.3373     5px=0.5402     10px=0.7469    
[ 26900, lr= 0.0003079]  epe=27.2907    3px=0.3435     5px=0.5429     10px=0.7239    
[ 27000, lr= 0.0003075]  epe=28.6475    3px=0.3416     5px=0.5437     10px=0.7472    
[ 27100, lr= 0.0003071]  epe=29.3546    3px=0.3159     5px=0.4965     10px=0.7069    
[ 27200, lr= 0.0003066]  epe=25.9860    3px=0.3479     5px=0.5589     10px=0.7686    
[ 27300, lr= 0.0003062]  epe=26.9963    3px=0.3385     5px=0.5500     10px=0.7472    
[ 27400, lr= 0.0003058]  epe=29.7702    3px=0.3488     5px=0.5635     10px=0.7730    
[ 27500, lr= 0.0003054]  epe=29.7953    3px=0.3386     5px=0.5288     10px=0.7211    
[ 27600, lr= 0.0003050]  epe=31.8971    3px=0.3550     5px=0.5609     10px=0.7630    
[ 27700, lr= 0.0003045]  epe=42.8536    3px=0.3352     5px=0.5161     10px=0.7153    
[ 27800, lr= 0.0003041]  epe=36.1018    3px=0.2765     5px=0.4761     10px=0.6854    
[ 27900, lr= 0.0003037]  epe=33.8385    3px=0.3254     5px=0.5244     10px=0.7169    
[ 28000, lr= 0.0003033]  epe=25.1641    3px=0.3235     5px=0.5246     10px=0.7278    
[ 28100, lr= 0.0003029]  epe=33.0726    3px=0.3404     5px=0.5373     10px=0.7438    
[ 28200, lr= 0.0003024]  epe=nan        3px=nan        5px=nan        10px=nan       
[ 28300, lr= 0.0003020]  epe=36.1162    3px=0.3109     5px=0.4981     10px=0.7059    
[ 28400, lr= 0.0003016]  epe=26.0824    3px=0.3180     5px=0.5190     10px=0.7238    
[ 28500, lr= 0.0003012]  epe=38.5138    3px=0.3237     5px=0.5314     10px=0.7416    
[ 28600, lr= 0.0003008]  epe=19.7612    3px=0.3233     5px=0.5381     10px=0.7563    
[ 28700, lr= 0.0003003]  epe=29.7488    3px=0.3278     5px=0.5419     10px=0.7418    
[ 28800, lr= 0.0002999]  epe=25.3889    3px=0.3286     5px=0.5321     10px=0.7404    
[ 28900, lr= 0.0002995]  epe=21.6501    3px=0.3792     5px=0.5898     10px=0.7811    
[ 29000, lr= 0.0002991]  epe=21.3436    3px=0.3258     5px=0.5414     10px=0.7767    
[ 29100, lr= 0.0002986]  epe=30.7654    3px=0.3303     5px=0.5357     10px=0.7309    
[ 29200, lr= 0.0002982]  epe=27.1781    3px=0.3451     5px=0.5423     10px=0.7491    
[ 29300, lr= 0.0002978]  epe=nan        3px=nan        5px=nan        10px=nan       
[ 29400, lr= 0.0002974]  epe=36.3686    3px=0.3242     5px=0.5197     10px=0.7206    
[ 29500, lr= 0.0002970]  epe=19.3905    3px=0.3379     5px=0.5331     10px=0.7283    
[ 29600, lr= 0.0002965]  epe=nan        3px=nan        5px=nan        10px=nan       
[ 29700, lr= 0.0002961]  epe=nan        3px=nan        5px=nan        10px=nan       
[ 29800, lr= 0.0002957]  epe=nan        3px=nan        5px=nan        10px=nan       
[ 29900, lr= 0.0002953]  epe=24.1560    3px=0.3629     5px=0.5634     10px=0.7586    
[ 30000, lr= 0.0002949]  epe=30.7764    3px=0.3502     5px=0.5501     10px=0.7421    
<class 'numpy.ndarray'>
Validation ASphere EPE: 27.937437057495117,  out of 458000000 measurments
[ 30100, lr= 0.0002944]  epe=24.2424    3px=0.3599     5px=0.5645     10px=0.7659    
[ 30200, lr= 0.0002940]  epe=nan        3px=nan        5px=nan        10px=nan       
[ 30300, lr= 0.0002936]  epe=39.1677    3px=0.3137     5px=0.5189     10px=0.7296    
[ 30400, lr= 0.0002932]  epe=41.0726    3px=0.3101     5px=0.5006     10px=0.6971    
[ 30500, lr= 0.0002928]  epe=29.1343    3px=0.3250     5px=0.5217     10px=0.7158    
[ 30600, lr= 0.0002923]  epe=32.7623    3px=0.3262     5px=0.5214     10px=0.7246    
[ 30700, lr= 0.0002919]  epe=32.8122    3px=0.3321     5px=0.5258     10px=0.7086    
[ 30800, lr= 0.0002915]  epe=24.3720    3px=0.3388     5px=0.5464     10px=0.7543    
[ 30900, lr= 0.0002911]  epe=23.9892    3px=0.3351     5px=0.5526     10px=0.7782    
[ 31000, lr= 0.0002907]  epe=43.2926    3px=0.3156     5px=0.5005     10px=0.6957    
[ 31100, lr= 0.0002902]  epe=36.9716    3px=0.3429     5px=0.5269     10px=0.7218    
[ 31200, lr= 0.0002898]  epe=29.5844    3px=0.3530     5px=0.5618     10px=0.7514    
[ 31300, lr= 0.0002894]  epe=31.2734    3px=0.3340     5px=0.5352     10px=0.7312    
[ 31400, lr= 0.0002890]  epe=31.6133    3px=0.3142     5px=0.5270     10px=0.7414    
[ 31500, lr= 0.0002886]  epe=29.9479    3px=0.3672     5px=0.5838     10px=0.7613    
[ 31600, lr= 0.0002881]  epe=23.3813    3px=0.3222     5px=0.5239     10px=0.7245    
[ 31700, lr= 0.0002877]  epe=38.0020    3px=0.3388     5px=0.5257     10px=0.7096    
[ 31800, lr= 0.0002873]  epe=32.6207    3px=0.3429     5px=0.5534     10px=0.7532    
[ 31900, lr= 0.0002869]  epe=31.3765    3px=0.3575     5px=0.5532     10px=0.7560    
[ 32000, lr= 0.0002865]  epe=24.3655    3px=0.2905     5px=0.4924     10px=0.7282    
[ 32100, lr= 0.0002860]  epe=23.9578    3px=0.3172     5px=0.5107     10px=0.7251    
[ 32200, lr= 0.0002856]  epe=26.0617    3px=0.3756     5px=0.5627     10px=0.7458    
[ 32300, lr= 0.0002852]  epe=37.8041    3px=0.3285     5px=0.5268     10px=0.7192    
[ 32400, lr= 0.0002848]  epe=24.4291    3px=0.3650     5px=0.5721     10px=0.7823    
[ 32500, lr= 0.0002843]  epe=30.8937    3px=0.3698     5px=0.5544     10px=0.7501    
[ 32600, lr= 0.0002839]  epe=24.1150    3px=0.3427     5px=0.5343     10px=0.7230    
[ 32700, lr= 0.0002835]  epe=39.0248    3px=0.3437     5px=0.5380     10px=0.7403    
[ 32800, lr= 0.0002831]  epe=26.1497    3px=0.3327     5px=0.5345     10px=0.7274    
[ 32900, lr= 0.0002827]  epe=31.6815    3px=0.3421     5px=0.5281     10px=0.7140    
[ 33000, lr= 0.0002822]  epe=35.2624    3px=0.3782     5px=0.5809     10px=0.7865    
[ 33100, lr= 0.0002818]  epe=23.5235    3px=0.3364     5px=0.5321     10px=0.7425    
[ 33200, lr= 0.0002814]  epe=29.1512    3px=0.3509     5px=0.5647     10px=0.7613    
[ 33300, lr= 0.0002810]  epe=18.5278    3px=0.3680     5px=0.5826     10px=0.7843    
[ 33400, lr= 0.0002806]  epe=nan        3px=nan        5px=nan        10px=nan       
[ 33500, lr= 0.0002801]  epe=21.2920    3px=0.3432     5px=0.5487     10px=0.7452    
[ 33600, lr= 0.0002797]  epe=30.4874    3px=0.3569     5px=0.5578     10px=0.7662    
[ 33700, lr= 0.0002793]  epe=31.9720    3px=0.3476     5px=0.5410     10px=0.7362    
[ 33800, lr= 0.0002789]  epe=40.8551    3px=0.3335     5px=0.5167     10px=0.7072    
[ 33900, lr= 0.0002785]  epe=28.6103    3px=0.3333     5px=0.5324     10px=0.7432    
[ 34000, lr= 0.0002780]  epe=20.3982    3px=0.3230     5px=0.5274     10px=0.7424    
[ 34100, lr= 0.0002776]  epe=34.2178    3px=0.3423     5px=0.5306     10px=0.7249    
[ 34200, lr= 0.0002772]  epe=43.1909    3px=0.3270     5px=0.5226     10px=0.7042    
[ 34300, lr= 0.0002768]  epe=31.1078    3px=0.3688     5px=0.5758     10px=0.7583    
[ 34400, lr= 0.0002764]  epe=34.5090    3px=0.3670     5px=0.5750     10px=0.7805    
[ 34500, lr= 0.0002759]  epe=34.9477    3px=0.3314     5px=0.5465     10px=0.7531    
[ 34600, lr= 0.0002755]  epe=nan        3px=nan        5px=nan        10px=nan       
[ 34700, lr= 0.0002751]  epe=44.9540    3px=0.3484     5px=0.5257     10px=0.7133    
[ 34800, lr= 0.0002747]  epe=31.2135    3px=0.3324     5px=0.5261     10px=0.7362    
[ 34900, lr= 0.0002743]  epe=24.7789    3px=0.3896     5px=0.5865     10px=0.7726    
[ 35000, lr= 0.0002738]  epe=34.4914    3px=0.3687     5px=0.5554     10px=0.7468    
<class 'numpy.ndarray'>
Validation ASphere EPE: 15.580883026123047,  out of 458000000 measurments
[ 35100, lr= 0.0002734]  epe=25.0914    3px=0.3420     5px=0.5365     10px=0.7477    
[ 35200, lr= 0.0002730]  epe=18.4208    3px=0.3377     5px=0.5478     10px=0.7553    
[ 35300, lr= 0.0002726]  epe=33.2100    3px=0.3503     5px=0.5255     10px=0.7155    
[ 35400, lr= 0.0002721]  epe=26.2473    3px=0.3356     5px=0.5404     10px=0.7459    
[ 35500, lr= 0.0002717]  epe=20.1700    3px=0.3544     5px=0.5618     10px=0.7662    
[ 35600, lr= 0.0002713]  epe=34.0413    3px=0.3220     5px=0.5225     10px=0.7279    
[ 35700, lr= 0.0002709]  epe=24.0872    3px=0.3908     5px=0.5974     10px=0.7936    
[ 35800, lr= 0.0002705]  epe=27.2106    3px=0.3409     5px=0.5527     10px=0.7648    
[ 35900, lr= 0.0002700]  epe=23.5287    3px=0.3443     5px=0.5462     10px=0.7330    
[ 36000, lr= 0.0002696]  epe=23.1100    3px=0.3396     5px=0.5310     10px=0.7358    
[ 36100, lr= 0.0002692]  epe=36.2078    3px=0.3514     5px=0.5412     10px=0.7254    
[ 36200, lr= 0.0002688]  epe=nan        3px=nan        5px=nan        10px=nan       
[ 36300, lr= 0.0002684]  epe=nan        3px=nan        5px=nan        10px=nan       
[ 36400, lr= 0.0002679]  epe=19.1372    3px=0.3291     5px=0.5378     10px=0.7618    
[ 36500, lr= 0.0002675]  epe=28.5271    3px=0.3424     5px=0.5481     10px=0.7484    
[ 36600, lr= 0.0002671]  epe=33.1557    3px=0.3486     5px=0.5412     10px=0.7428    
[ 36700, lr= 0.0002667]  epe=21.7847    3px=0.3494     5px=0.5566     10px=0.7591    
[ 36800, lr= 0.0002663]  epe=nan        3px=nan        5px=nan        10px=nan       
[ 36900, lr= 0.0002658]  epe=28.2282    3px=0.3369     5px=0.5345     10px=0.7264    
[ 37000, lr= 0.0002654]  epe=26.1472    3px=0.3634     5px=0.5529     10px=0.7550    
[ 37100, lr= 0.0002650]  epe=nan        3px=nan        5px=nan        10px=nan       
[ 37200, lr= 0.0002646]  epe=nan        3px=nan        5px=nan        10px=nan       
[ 37300, lr= 0.0002642]  epe=19.6916    3px=0.3676     5px=0.5811     10px=0.7753    
[ 37400, lr= 0.0002637]  epe=23.7721    3px=0.3326     5px=0.5195     10px=0.7159    
[ 37500, lr= 0.0002633]  epe=23.9949    3px=0.3337     5px=0.5464     10px=0.7619    
[ 37600, lr= 0.0002629]  epe=21.7539    3px=0.3168     5px=0.5284     10px=0.7426    
[ 37700, lr= 0.0002625]  epe=23.3283    3px=0.3602     5px=0.5522     10px=0.7507    
[ 37800, lr= 0.0002621]  epe=20.7398    3px=0.3786     5px=0.5929     10px=0.7906    
[ 37900, lr= 0.0002616]  epe=29.1192    3px=0.3445     5px=0.5219     10px=0.7143    
[ 38000, lr= 0.0002612]  epe=22.3530    3px=0.3364     5px=0.5258     10px=0.7389    
[ 38100, lr= 0.0002608]  epe=24.3800    3px=0.3818     5px=0.5996     10px=0.7870    
[ 38200, lr= 0.0002604]  epe=19.7622    3px=0.3510     5px=0.5596     10px=0.7625    
[ 38300, lr= 0.0002600]  epe=nan        3px=nan        5px=nan        10px=nan       
[ 38400, lr= 0.0002595]  epe=23.1849    3px=0.3270     5px=0.5301     10px=0.7344    
[ 38500, lr= 0.0002591]  epe=34.3165    3px=0.3323     5px=0.5386     10px=0.7373    
[ 38600, lr= 0.0002587]  epe=29.3746    3px=0.3498     5px=0.5440     10px=0.7423    
[ 38700, lr= 0.0002583]  epe=27.3540    3px=0.3590     5px=0.5538     10px=0.7430    
[ 38800, lr= 0.0002578]  epe=26.6542    3px=0.3240     5px=0.5277     10px=0.7271    
[ 38900, lr= 0.0002574]  epe=36.6905    3px=0.3183     5px=0.5097     10px=0.7004    
[ 39000, lr= 0.0002570]  epe=42.5894    3px=0.3008     5px=0.4942     10px=0.7048    
[ 39100, lr= 0.0002566]  epe=24.7854    3px=0.3764     5px=0.5842     10px=0.7827    
[ 39200, lr= 0.0002562]  epe=23.3428    3px=0.3701     5px=0.5721     10px=0.7672    
[ 39300, lr= 0.0002557]  epe=29.2099    3px=0.3455     5px=0.5548     10px=0.7494    
[ 39400, lr= 0.0002553]  epe=17.0034    3px=0.3366     5px=0.5288     10px=0.7466    
[ 39500, lr= 0.0002549]  epe=20.3529    3px=0.3766     5px=0.5743     10px=0.7783    
[ 39600, lr= 0.0002545]  epe=nan        3px=nan        5px=nan        10px=nan       
[ 39700, lr= 0.0002541]  epe=25.6349    3px=0.3216     5px=0.5119     10px=0.7159    
[ 39800, lr= 0.0002536]  epe=30.9313    3px=0.3346     5px=0.5443     10px=0.7464    
[ 39900, lr= 0.0002532]  epe=23.0908    3px=0.3535     5px=0.5677     10px=0.7692    
[ 40000, lr= 0.0002528]  epe=19.5730    3px=0.3619     5px=0.5632     10px=0.7720    
<class 'numpy.ndarray'>
Validation ASphere EPE: 19.4115047454834,  out of 458000000 measurments
[ 40100, lr= 0.0002524]  epe=20.3278    3px=0.3488     5px=0.5566     10px=0.7532    
[ 40200, lr= 0.0002520]  epe=26.6003    3px=0.3566     5px=0.5608     10px=0.7627    
[ 40300, lr= 0.0002515]  epe=nan        3px=nan        5px=nan        10px=nan       
[ 40400, lr= 0.0002511]  epe=23.0269    3px=0.3792     5px=0.5720     10px=0.7660    
[ 40500, lr= 0.0002507]  epe=nan        3px=nan        5px=nan        10px=nan       
[ 40600, lr= 0.0002503]  epe=27.0917    3px=0.3576     5px=0.5708     10px=0.7693    
[ 40700, lr= 0.0002499]  epe=21.8696    3px=0.3548     5px=0.5677     10px=0.7779    
[ 40800, lr= 0.0002494]  epe=25.3339    3px=0.3521     5px=0.5403     10px=0.7370    
[ 40900, lr= 0.0002490]  epe=18.5042    3px=0.3617     5px=0.5594     10px=0.7690    
[ 41000, lr= 0.0002486]  epe=23.5741    3px=0.3609     5px=0.5796     10px=0.7765    
[ 41100, lr= 0.0002482]  epe=36.6097    3px=0.3384     5px=0.5378     10px=0.7500    
[ 41200, lr= 0.0002478]  epe=17.9113    3px=0.3504     5px=0.5837     10px=0.8043    
[ 41300, lr= 0.0002473]  epe=33.0800    3px=0.3597     5px=0.5643     10px=0.7558    
[ 41400, lr= 0.0002469]  epe=nan        3px=nan        5px=nan        10px=nan       
[ 41500, lr= 0.0002465]  epe=26.5783    3px=0.3650     5px=0.5706     10px=0.7601    
[ 41600, lr= 0.0002461]  epe=22.9489    3px=0.3587     5px=0.5599     10px=0.7617    
[ 41700, lr= 0.0002456]  epe=27.9297    3px=0.3512     5px=0.5546     10px=0.7470    
[ 41800, lr= 0.0002452]  epe=27.1368    3px=0.3484     5px=0.5406     10px=0.7328    
[ 41900, lr= 0.0002448]  epe=nan        3px=nan        5px=nan        10px=nan       
[ 42000, lr= 0.0002444]  epe=nan        3px=nan        5px=nan        10px=nan       
[ 42100, lr= 0.0002440]  epe=22.2472    3px=0.3742     5px=0.5747     10px=0.7668    
[ 42200, lr= 0.0002435]  epe=16.1094    3px=0.3734     5px=0.5705     10px=0.7616    
[ 42300, lr= 0.0002431]  epe=14.2787    3px=0.3833     5px=0.5964     10px=0.7975    
[ 42400, lr= 0.0002427]  epe=33.0303    3px=0.3512     5px=0.5588     10px=0.7606    
[ 42500, lr= 0.0002423]  epe=23.1567    3px=0.3480     5px=0.5557     10px=0.7686    
[ 42600, lr= 0.0002419]  epe=nan        3px=nan        5px=nan        10px=nan       
[ 42700, lr= 0.0002414]  epe=23.3083    3px=0.3517     5px=0.5711     10px=0.7787    
[ 42800, lr= 0.0002410]  epe=nan        3px=nan        5px=nan        10px=nan       
[ 42900, lr= 0.0002406]  epe=23.2021    3px=0.3556     5px=0.5579     10px=0.7415    
[ 43000, lr= 0.0002402]  epe=24.3566    3px=0.3603     5px=0.5474     10px=0.7516    
[ 43100, lr= 0.0002398]  epe=16.2044    3px=0.3547     5px=0.5813     10px=0.8071    
[ 43200, lr= 0.0002393]  epe=32.3701    3px=0.3434     5px=0.5275     10px=0.7270    
[ 43300, lr= 0.0002389]  epe=23.4980    3px=0.3593     5px=0.5621     10px=0.7715    
[ 43400, lr= 0.0002385]  epe=nan        3px=nan        5px=nan        10px=nan       
[ 43500, lr= 0.0002381]  epe=26.9277    3px=0.3517     5px=0.5422     10px=0.7426    
[ 43600, lr= 0.0002377]  epe=26.5694    3px=0.3586     5px=0.5529     10px=0.7554    
[ 43700, lr= 0.0002372]  epe=25.3597    3px=0.3627     5px=0.5540     10px=0.7589    
[ 43800, lr= 0.0002368]  epe=30.5984    3px=0.3736     5px=0.5628     10px=0.7481    
[ 43900, lr= 0.0002364]  epe=nan        3px=nan        5px=nan        10px=nan       
[ 44000, lr= 0.0002360]  epe=34.9652    3px=0.3366     5px=0.5457     10px=0.7448    
[ 44100, lr= 0.0002356]  epe=33.4273    3px=0.3196     5px=0.5187     10px=0.7436    
[ 44200, lr= 0.0002351]  epe=19.9204    3px=0.3677     5px=0.5609     10px=0.7560    
[ 44300, lr= 0.0002347]  epe=30.2337    3px=0.3496     5px=0.5379     10px=0.7340    
[ 44400, lr= 0.0002343]  epe=28.0906    3px=0.3501     5px=0.5601     10px=0.7840    
[ 44500, lr= 0.0002339]  epe=26.3812    3px=0.3323     5px=0.5238     10px=0.7373    
[ 44600, lr= 0.0002335]  epe=20.1226    3px=0.3770     5px=0.5761     10px=0.7745    
[ 44700, lr= 0.0002330]  epe=13.2485    3px=0.4065     5px=0.6186     10px=0.8227    
[ 44800, lr= 0.0002326]  epe=nan        3px=nan        5px=nan        10px=nan       
[ 44900, lr= 0.0002322]  epe=19.8457    3px=0.3491     5px=0.5469     10px=0.7656    
[ 45000, lr= 0.0002318]  epe=22.1577    3px=0.3894     5px=0.5923     10px=0.7710    
<class 'numpy.ndarray'>
Validation ASphere EPE: 18.5716495513916,  out of 458000000 measurments
[ 45100, lr= 0.0002313]  epe=24.9591    3px=0.3445     5px=0.5209     10px=0.7224    
[ 45200, lr= 0.0002309]  epe=26.2388    3px=0.3962     5px=0.6030     10px=0.7790    
[ 45300, lr= 0.0002305]  epe=23.6714    3px=0.3697     5px=0.5639     10px=0.7638    
[ 45400, lr= 0.0002301]  epe=22.9279    3px=0.3244     5px=0.5277     10px=0.7380    
[ 45500, lr= 0.0002297]  epe=27.5937    3px=0.3615     5px=0.5620     10px=0.7591    
[ 45600, lr= 0.0002292]  epe=21.8848    3px=0.3548     5px=0.5521     10px=0.7623    
[ 45700, lr= 0.0002288]  epe=25.7836    3px=0.3375     5px=0.5240     10px=0.7287    
[ 45800, lr= 0.0002284]  epe=22.4662    3px=0.3590     5px=0.5578     10px=0.7715    
[ 45900, lr= 0.0002280]  epe=23.3501    3px=0.3679     5px=0.5638     10px=0.7648    
[ 46000, lr= 0.0002276]  epe=21.5994    3px=0.3522     5px=0.5470     10px=0.7600    
[ 46100, lr= 0.0002271]  epe=18.9474    3px=0.3528     5px=0.5575     10px=0.7770    
[ 46200, lr= 0.0002267]  epe=25.5947    3px=0.3529     5px=0.5368     10px=0.7327    
[ 46300, lr= 0.0002263]  epe=27.2682    3px=0.3668     5px=0.5677     10px=0.7716    
[ 46400, lr= 0.0002259]  epe=17.3380    3px=0.4061     5px=0.6151     10px=0.8160    
[ 46500, lr= 0.0002255]  epe=25.4234    3px=0.3453     5px=0.5637     10px=0.7614    
[ 46600, lr= 0.0002250]  epe=29.8236    3px=0.3695     5px=0.5767     10px=0.7664    
[ 46700, lr= 0.0002246]  epe=17.3823    3px=0.3532     5px=0.5657     10px=0.7785    
[ 46800, lr= 0.0002242]  epe=22.9312    3px=0.3954     5px=0.5917     10px=0.7770    
[ 46900, lr= 0.0002238]  epe=21.4037    3px=0.3547     5px=0.5648     10px=0.7768    
[ 47000, lr= 0.0002234]  epe=16.5438    3px=0.3782     5px=0.5873     10px=0.7792    
[ 47100, lr= 0.0002229]  epe=24.7479    3px=0.3703     5px=0.5681     10px=0.7703    
[ 47200, lr= 0.0002225]  epe=13.6094    3px=0.3648     5px=0.5772     10px=0.7798    
[ 47300, lr= 0.0002221]  epe=28.2185    3px=0.3642     5px=0.5707     10px=0.7660    
[ 47400, lr= 0.0002217]  epe=33.7076    3px=0.3241     5px=0.5107     10px=0.7023    
[ 47500, lr= 0.0002213]  epe=19.2655    3px=0.3909     5px=0.6016     10px=0.7957    
[ 47600, lr= 0.0002208]  epe=15.9637    3px=0.4171     5px=0.6102     10px=0.8026    
[ 47700, lr= 0.0002204]  epe=16.6218    3px=0.3717     5px=0.5814     10px=0.7739    
[ 47800, lr= 0.0002200]  epe=18.0675    3px=0.3543     5px=0.5709     10px=0.7736    
[ 47900, lr= 0.0002196]  epe=27.6777    3px=0.3946     5px=0.5943     10px=0.7676    
[ 48000, lr= 0.0002191]  epe=nan        3px=nan        5px=nan        10px=nan       
[ 48100, lr= 0.0002187]  epe=25.3965    3px=0.3395     5px=0.5322     10px=0.7480    
[ 48200, lr= 0.0002183]  epe=24.6339    3px=0.3340     5px=0.5381     10px=0.7472    
[ 48300, lr= 0.0002179]  epe=16.5686    3px=0.3258     5px=0.5363     10px=0.7485    
[ 48400, lr= 0.0002175]  epe=22.7098    3px=0.3593     5px=0.5546     10px=0.7507    
[ 48500, lr= 0.0002170]  epe=nan        3px=nan        5px=nan        10px=nan       
[ 48600, lr= 0.0002166]  epe=20.1062    3px=0.3911     5px=0.6068     10px=0.8150    
[ 48700, lr= 0.0002162]  epe=22.5218    3px=0.3403     5px=0.5559     10px=0.7785    
[ 48800, lr= 0.0002158]  epe=28.7126    3px=0.3650     5px=0.5495     10px=0.7512    
[ 48900, lr= 0.0002154]  epe=18.7711    3px=0.3855     5px=0.5947     10px=0.7828    
[ 49000, lr= 0.0002149]  epe=23.5696    3px=0.3022     5px=0.5022     10px=0.7083    
[ 49100, lr= 0.0002145]  epe=32.5347    3px=0.3253     5px=0.5102     10px=0.7008    
[ 49200, lr= 0.0002141]  epe=nan        3px=nan        5px=nan        10px=nan       
[ 49300, lr= 0.0002137]  epe=29.4396    3px=0.3493     5px=0.5533     10px=0.7611    
[ 49400, lr= 0.0002133]  epe=21.1526    3px=0.3761     5px=0.5938     10px=0.7964    
[ 49500, lr= 0.0002128]  epe=26.4613    3px=0.3571     5px=0.5607     10px=0.7656    
[ 49600, lr= 0.0002124]  epe=17.8186    3px=0.3644     5px=0.5550     10px=0.7538    
[ 49700, lr= 0.0002120]  epe=19.0199    3px=0.3578     5px=0.5720     10px=0.7754    
[ 49800, lr= 0.0002116]  epe=nan        3px=nan        5px=nan        10px=nan       
[ 49900, lr= 0.0002112]  epe=21.9717    3px=0.3711     5px=0.5747     10px=0.7685    
[ 50000, lr= 0.0002107]  epe=25.4706    3px=0.3671     5px=0.5695     10px=0.7751    
<class 'numpy.ndarray'>
Validation ASphere EPE: 19.23789405822754,  out of 458000000 measurments
[ 50100, lr= 0.0002103]  epe=nan        3px=nan        5px=nan        10px=nan       
[ 50200, lr= 0.0002099]  epe=20.6270    3px=0.3535     5px=0.5716     10px=0.7660    
[ 50300, lr= 0.0002095]  epe=18.9582    3px=0.3957     5px=0.6113     10px=0.8046    
[ 50400, lr= 0.0002091]  epe=22.4895    3px=0.3354     5px=0.5381     10px=0.7667    
[ 50500, lr= 0.0002086]  epe=27.4497    3px=0.3721     5px=0.5696     10px=0.7589    
[ 50600, lr= 0.0002082]  epe=28.1896    3px=0.3665     5px=0.5481     10px=0.7428    
[ 50700, lr= 0.0002078]  epe=26.2617    3px=0.3748     5px=0.5771     10px=0.7763    
[ 50800, lr= 0.0002074]  epe=28.0197    3px=0.3614     5px=0.5599     10px=0.7574    
[ 50900, lr= 0.0002070]  epe=32.6733    3px=0.3366     5px=0.5396     10px=0.7432    
[ 51000, lr= 0.0002065]  epe=13.8852    3px=0.3396     5px=0.5528     10px=0.7868    
[ 51100, lr= 0.0002061]  epe=32.0341    3px=0.3507     5px=0.5472     10px=0.7415    
[ 51200, lr= 0.0002057]  epe=16.7716    3px=0.4019     5px=0.6101     10px=0.8155    
[ 51300, lr= 0.0002053]  epe=27.2869    3px=0.3532     5px=0.5461     10px=0.7464    
[ 51400, lr= 0.0002048]  epe=19.6689    3px=0.4056     5px=0.6065     10px=0.7882    
[ 51500, lr= 0.0002044]  epe=nan        3px=nan        5px=nan        10px=nan       
[ 51600, lr= 0.0002040]  epe=27.7338    3px=0.3475     5px=0.5522     10px=0.7502    
[ 51700, lr= 0.0002036]  epe=17.8574    3px=0.3339     5px=0.5352     10px=0.7358    
[ 51800, lr= 0.0002032]  epe=20.9207    3px=0.3528     5px=0.5555     10px=0.7638    
[ 51900, lr= 0.0002027]  epe=26.5250    3px=0.3452     5px=0.5514     10px=0.7631    
[ 52000, lr= 0.0002023]  epe=18.4962    3px=0.3453     5px=0.5526     10px=0.7673    
[ 52100, lr= 0.0002019]  epe=21.5456    3px=0.3744     5px=0.5762     10px=0.7760    
[ 52200, lr= 0.0002015]  epe=20.1565    3px=0.4078     5px=0.6027     10px=0.7795    
[ 52300, lr= 0.0002011]  epe=21.8426    3px=0.3289     5px=0.5211     10px=0.7414    
[ 52400, lr= 0.0002006]  epe=15.4174    3px=0.3764     5px=0.5791     10px=0.7876    
[ 52500, lr= 0.0002002]  epe=23.5971    3px=0.3425     5px=0.5499     10px=0.7556    
[ 52600, lr= 0.0001998]  epe=23.2756    3px=0.3758     5px=0.5758     10px=0.7889    
[ 52700, lr= 0.0001994]  epe=nan        3px=nan        5px=nan        10px=nan       
[ 52800, lr= 0.0001990]  epe=20.3971    3px=0.3686     5px=0.5798     10px=0.7877    
[ 52900, lr= 0.0001985]  epe=17.5114    3px=0.3797     5px=0.5850     10px=0.7826    
[ 53000, lr= 0.0001981]  epe=30.8976    3px=0.3487     5px=0.5615     10px=0.7517    
[ 53100, lr= 0.0001977]  epe=21.4696    3px=0.3889     5px=0.5851     10px=0.7824    
[ 53200, lr= 0.0001973]  epe=16.8336    3px=0.3946     5px=0.5826     10px=0.7671    
[ 53300, lr= 0.0001969]  epe=21.0970    3px=0.3635     5px=0.5734     10px=0.7630    
[ 53400, lr= 0.0001964]  epe=16.7128    3px=0.3641     5px=0.5617     10px=0.7663    
[ 53500, lr= 0.0001960]  epe=20.4970    3px=0.3598     5px=0.5595     10px=0.7672    
[ 53600, lr= 0.0001956]  epe=nan        3px=nan        5px=nan        10px=nan       
[ 53700, lr= 0.0001952]  epe=nan        3px=nan        5px=nan        10px=nan       
[ 53800, lr= 0.0001948]  epe=12.8090    3px=0.3774     5px=0.5907     10px=0.7905    
[ 53900, lr= 0.0001943]  epe=18.7983    3px=0.3523     5px=0.5579     10px=0.7644    
[ 54000, lr= 0.0001939]  epe=nan        3px=nan        5px=nan        10px=nan       
[ 54100, lr= 0.0001935]  epe=12.8625    3px=0.3862     5px=0.6050     10px=0.7987    
[ 54200, lr= 0.0001931]  epe=18.4046    3px=0.3375     5px=0.5319     10px=0.7510    
[ 54300, lr= 0.0001927]  epe=13.9091    3px=0.3904     5px=0.5959     10px=0.8027    
[ 54400, lr= 0.0001922]  epe=29.8408    3px=0.3647     5px=0.5572     10px=0.7381    
[ 54500, lr= 0.0001918]  epe=nan        3px=nan        5px=nan        10px=nan       
[ 54600, lr= 0.0001914]  epe=15.0039    3px=0.3314     5px=0.5446     10px=0.7675    
[ 54700, lr= 0.0001910]  epe=29.8988    3px=0.3641     5px=0.5678     10px=0.7615    
[ 54800, lr= 0.0001905]  epe=nan        3px=nan        5px=nan        10px=nan       
[ 54900, lr= 0.0001901]  epe=15.5499    3px=0.4008     5px=0.5987     10px=0.8020    
[ 55000, lr= 0.0001897]  epe=20.3587    3px=0.3563     5px=0.5616     10px=0.7803    
<class 'numpy.ndarray'>
Validation ASphere EPE: 25.73224449157715,  out of 458000000 measurments
[ 55100, lr= 0.0001893]  epe=24.5889    3px=0.3624     5px=0.5713     10px=0.7656    
[ 55200, lr= 0.0001889]  epe=19.1440    3px=0.3851     5px=0.5815     10px=0.7630    
[ 55300, lr= 0.0001884]  epe=nan        3px=nan        5px=nan        10px=nan       
[ 55400, lr= 0.0001880]  epe=23.4914    3px=0.3387     5px=0.5408     10px=0.7590    
[ 55500, lr= 0.0001876]  epe=22.0321    3px=0.3560     5px=0.5497     10px=0.7534    
[ 55600, lr= 0.0001872]  epe=15.9178    3px=0.3398     5px=0.5390     10px=0.7564    
[ 55700, lr= 0.0001868]  epe=24.5274    3px=0.3730     5px=0.5700     10px=0.7742    
[ 55800, lr= 0.0001863]  epe=nan        3px=nan        5px=nan        10px=nan       
[ 55900, lr= 0.0001859]  epe=21.8594    3px=0.3678     5px=0.5692     10px=0.7605    
[ 56000, lr= 0.0001855]  epe=16.4775    3px=0.3857     5px=0.5903     10px=0.7890    
[ 56100, lr= 0.0001851]  epe=14.3938    3px=0.3587     5px=0.5711     10px=0.7706    
[ 56200, lr= 0.0001847]  epe=21.5023    3px=0.3971     5px=0.5959     10px=0.7789    
[ 56300, lr= 0.0001842]  epe=nan        3px=nan        5px=nan        10px=nan       
[ 56400, lr= 0.0001838]  epe=15.2380    3px=0.3841     5px=0.5977     10px=0.8027    
[ 56500, lr= 0.0001834]  epe=18.4282    3px=0.3437     5px=0.5474     10px=0.7689    
[ 56600, lr= 0.0001830]  epe=28.8318    3px=0.3342     5px=0.5553     10px=0.7625    
[ 56700, lr= 0.0001826]  epe=27.3631    3px=0.3663     5px=0.5634     10px=0.7630    
[ 56800, lr= 0.0001821]  epe=19.5848    3px=0.3892     5px=0.5857     10px=0.7774    
[ 56900, lr= 0.0001817]  epe=31.7821    3px=0.3623     5px=0.5645     10px=0.7469    
[ 57000, lr= 0.0001813]  epe=21.0372    3px=0.3770     5px=0.5890     10px=0.7944    
[ 57100, lr= 0.0001809]  epe=nan        3px=nan        5px=nan        10px=nan       
[ 57200, lr= 0.0001805]  epe=25.0623    3px=0.3162     5px=0.5187     10px=0.7374    
[ 57300, lr= 0.0001800]  epe=23.2557    3px=0.3519     5px=0.5592     10px=0.7784    
[ 57400, lr= 0.0001796]  epe=16.2639    3px=0.3669     5px=0.5684     10px=0.7643    
[ 57500, lr= 0.0001792]  epe=19.7227    3px=0.3561     5px=0.5513     10px=0.7611    
[ 57600, lr= 0.0001788]  epe=24.3473    3px=0.3506     5px=0.5448     10px=0.7475    
[ 57700, lr= 0.0001783]  epe=22.2194    3px=0.4365     5px=0.6397     10px=0.8153    
[ 57800, lr= 0.0001779]  epe=nan        3px=nan        5px=nan        10px=nan       
[ 57900, lr= 0.0001775]  epe=nan        3px=nan        5px=nan        10px=nan       
[ 58000, lr= 0.0001771]  epe=14.3156    3px=0.3936     5px=0.6032     10px=0.8057    
[ 58100, lr= 0.0001767]  epe=nan        3px=nan        5px=nan        10px=nan       
[ 58200, lr= 0.0001762]  epe=24.7782    3px=0.3741     5px=0.5701     10px=0.7675    
[ 58300, lr= 0.0001758]  epe=30.3365    3px=0.3194     5px=0.5161     10px=0.7204    
[ 58400, lr= 0.0001754]  epe=27.4329    3px=0.3529     5px=0.5497     10px=0.7435    
[ 58500, lr= 0.0001750]  epe=21.5035    3px=0.3524     5px=0.5539     10px=0.7668    
[ 58600, lr= 0.0001746]  epe=25.0342    3px=0.3409     5px=0.5462     10px=0.7321    
[ 58700, lr= 0.0001741]  epe=nan        3px=nan        5px=nan        10px=nan       
[ 58800, lr= 0.0001737]  epe=24.7260    3px=0.3818     5px=0.5913     10px=0.7838    
[ 58900, lr= 0.0001733]  epe=nan        3px=nan        5px=nan        10px=nan       
[ 59000, lr= 0.0001729]  epe=19.5626    3px=0.3550     5px=0.5663     10px=0.7737    
[ 59100, lr= 0.0001725]  epe=15.0729    3px=0.3793     5px=0.5882     10px=0.8068    
[ 59200, lr= 0.0001720]  epe=16.2535    3px=0.4112     5px=0.6179     10px=0.8161    
[ 59300, lr= 0.0001716]  epe=32.4936    3px=0.3806     5px=0.5620     10px=0.7312    
[ 59400, lr= 0.0001712]  epe=nan        3px=nan        5px=nan        10px=nan       
[ 59500, lr= 0.0001708]  epe=18.5059    3px=0.3358     5px=0.5323     10px=0.7354    
[ 59600, lr= 0.0001704]  epe=21.6770    3px=0.3976     5px=0.5916     10px=0.7725    
[ 59700, lr= 0.0001699]  epe=nan        3px=nan        5px=nan        10px=nan       
[ 59800, lr= 0.0001695]  epe=18.9046    3px=0.3627     5px=0.5561     10px=0.7594    
[ 59900, lr= 0.0001691]  epe=26.0984    3px=0.3697     5px=0.5699     10px=0.7584    
[ 60000, lr= 0.0001687]  epe=nan        3px=nan        5px=nan        10px=nan       
<class 'numpy.ndarray'>
Validation ASphere EPE: 20.958438873291016,  out of 458000000 measurments
[ 60100, lr= 0.0001683]  epe=24.0814    3px=0.3551     5px=0.5516     10px=0.7479    
[ 60200, lr= 0.0001678]  epe=21.4427    3px=0.3918     5px=0.5906     10px=0.7867    
[ 60300, lr= 0.0001674]  epe=18.4366    3px=0.3809     5px=0.5916     10px=0.7866    
[ 60400, lr= 0.0001670]  epe=18.9400    3px=0.3553     5px=0.5670     10px=0.7785    
[ 60500, lr= 0.0001666]  epe=23.3847    3px=0.3859     5px=0.5717     10px=0.7494    
[ 60600, lr= 0.0001662]  epe=23.4351    3px=0.3688     5px=0.5766     10px=0.7610    
[ 60700, lr= 0.0001657]  epe=22.3529    3px=0.3693     5px=0.5791     10px=0.7886    
[ 60800, lr= 0.0001653]  epe=19.1107    3px=0.3864     5px=0.6004     10px=0.8034    
[ 60900, lr= 0.0001649]  epe=13.2255    3px=0.3790     5px=0.6000     10px=0.8068    
[ 61000, lr= 0.0001645]  epe=14.2341    3px=0.3747     5px=0.5840     10px=0.7891    
[ 61100, lr= 0.0001640]  epe=24.7126    3px=0.3495     5px=0.5474     10px=0.7488    
[ 61200, lr= 0.0001636]  epe=nan        3px=nan        5px=nan        10px=nan       
[ 61300, lr= 0.0001632]  epe=14.5119    3px=0.3763     5px=0.5966     10px=0.8131    
[ 61400, lr= 0.0001628]  epe=19.0731    3px=0.3817     5px=0.5845     10px=0.7810    
[ 61500, lr= 0.0001624]  epe=18.9119    3px=0.3715     5px=0.5588     10px=0.7686    
[ 61600, lr= 0.0001619]  epe=13.4258    3px=0.3782     5px=0.5963     10px=0.8117    
[ 61700, lr= 0.0001615]  epe=16.1005    3px=0.3692     5px=0.5662     10px=0.7713    
[ 61800, lr= 0.0001611]  epe=31.6460    3px=0.4139     5px=0.6147     10px=0.7746    
[ 61900, lr= 0.0001607]  epe=18.3084    3px=0.3814     5px=0.5919     10px=0.7903    
[ 62000, lr= 0.0001603]  epe=23.7370    3px=0.3614     5px=0.5528     10px=0.7543    
[ 62100, lr= 0.0001598]  epe=nan        3px=nan        5px=nan        10px=nan       
[ 62200, lr= 0.0001594]  epe=30.3688    3px=0.3436     5px=0.5469     10px=0.7455    
[ 62300, lr= 0.0001590]  epe=14.6777    3px=0.3895     5px=0.6129     10px=0.8216    
[ 62400, lr= 0.0001586]  epe=17.7786    3px=0.3800     5px=0.5808     10px=0.7803    
[ 62500, lr= 0.0001582]  epe=18.8973    3px=0.3284     5px=0.5414     10px=0.7662    
[ 62600, lr= 0.0001577]  epe=15.2594    3px=0.4037     5px=0.6066     10px=0.7994    
[ 62700, lr= 0.0001573]  epe=13.6673    3px=0.3421     5px=0.5575     10px=0.7694    
[ 62800, lr= 0.0001569]  epe=nan        3px=nan        5px=nan        10px=nan       
[ 62900, lr= 0.0001565]  epe=16.6907    3px=0.3897     5px=0.5972     10px=0.8034    
[ 63000, lr= 0.0001561]  epe=17.3245    3px=0.4422     5px=0.6318     10px=0.7984    
[ 63100, lr= 0.0001556]  epe=25.3727    3px=0.3516     5px=0.5597     10px=0.7687    
[ 63200, lr= 0.0001552]  epe=18.4566    3px=0.3432     5px=0.5547     10px=0.7585    
[ 63300, lr= 0.0001548]  epe=19.8110    3px=0.3664     5px=0.5630     10px=0.7610    
[ 63400, lr= 0.0001544]  epe=23.9478    3px=0.3572     5px=0.5449     10px=0.7401    
[ 63500, lr= 0.0001540]  epe=13.7928    3px=0.3877     5px=0.5934     10px=0.8007    
[ 63600, lr= 0.0001535]  epe=22.2927    3px=0.3535     5px=0.5583     10px=0.7539    
[ 63700, lr= 0.0001531]  epe=18.7230    3px=0.3722     5px=0.5711     10px=0.7645    
[ 63800, lr= 0.0001527]  epe=11.0926    3px=0.3936     5px=0.6187     10px=0.8203    
[ 63900, lr= 0.0001523]  epe=15.3674    3px=0.4098     5px=0.6068     10px=0.7956    
[ 64000, lr= 0.0001518]  epe=12.9673    3px=0.3646     5px=0.5770     10px=0.7860    
[ 64100, lr= 0.0001514]  epe=19.9103    3px=0.3585     5px=0.5793     10px=0.7949    
[ 64200, lr= 0.0001510]  epe=15.9383    3px=0.4163     5px=0.6153     10px=0.7985    
[ 64300, lr= 0.0001506]  epe=13.8962    3px=0.3922     5px=0.5952     10px=0.7947    
[ 64400, lr= 0.0001502]  epe=19.2901    3px=0.3646     5px=0.5550     10px=0.7462    
[ 64500, lr= 0.0001497]  epe=14.3437    3px=0.4142     5px=0.6153     10px=0.7904    
[ 64600, lr= 0.0001493]  epe=17.4682    3px=0.3617     5px=0.5756     10px=0.7962    
[ 64700, lr= 0.0001489]  epe=20.6555    3px=0.3708     5px=0.5577     10px=0.7419    
[ 64800, lr= 0.0001485]  epe=22.8562    3px=0.3693     5px=0.5737     10px=0.7783    
[ 64900, lr= 0.0001481]  epe=nan        3px=nan        5px=nan        10px=nan       
[ 65000, lr= 0.0001476]  epe=18.4428    3px=0.3764     5px=0.5848     10px=0.7776    
<class 'numpy.ndarray'>
Validation ASphere EPE: 20.064023971557617,  out of 458000000 measurments
[ 65100, lr= 0.0001472]  epe=16.2778    3px=0.4182     5px=0.6226     10px=0.8097    
[ 65200, lr= 0.0001468]  epe=17.9207    3px=0.3657     5px=0.5695     10px=0.7769    
[ 65300, lr= 0.0001464]  epe=20.1262    3px=0.3917     5px=0.5967     10px=0.7902    
[ 65400, lr= 0.0001460]  epe=nan        3px=nan        5px=nan        10px=nan       
[ 65500, lr= 0.0001455]  epe=18.0117    3px=0.3830     5px=0.5898     10px=0.7834    
[ 65600, lr= 0.0001451]  epe=15.2671    3px=0.4075     5px=0.5983     10px=0.7807    
[ 65700, lr= 0.0001447]  epe=17.4776    3px=0.3869     5px=0.5823     10px=0.7675    
[ 65800, lr= 0.0001443]  epe=13.0380    3px=0.3735     5px=0.5931     10px=0.8033    
[ 65900, lr= 0.0001439]  epe=nan        3px=nan        5px=nan        10px=nan       
[ 66000, lr= 0.0001434]  epe=20.0325    3px=0.3757     5px=0.5753     10px=0.7873    
[ 66100, lr= 0.0001430]  epe=13.4152    3px=0.3890     5px=0.6133     10px=0.8205    
[ 66200, lr= 0.0001426]  epe=19.3648    3px=0.3582     5px=0.5512     10px=0.7526    
[ 66300, lr= 0.0001422]  epe=13.3774    3px=0.4170     5px=0.6105     10px=0.8009    
[ 66400, lr= 0.0001418]  epe=22.7299    3px=0.3410     5px=0.5442     10px=0.7470    
[ 66500, lr= 0.0001413]  epe=13.3561    3px=0.3836     5px=0.5883     10px=0.7863    
[ 66600, lr= 0.0001409]  epe=29.7322    3px=0.3673     5px=0.5609     10px=0.7603    
[ 66700, lr= 0.0001405]  epe=15.9969    3px=0.3936     5px=0.5837     10px=0.7837    
[ 66800, lr= 0.0001401]  epe=13.7157    3px=0.3949     5px=0.5984     10px=0.7947    
[ 66900, lr= 0.0001397]  epe=15.8828    3px=0.3628     5px=0.5509     10px=0.7674    
[ 67000, lr= 0.0001392]  epe=18.0436    3px=0.3740     5px=0.5779     10px=0.7671    
[ 67100, lr= 0.0001388]  epe=nan        3px=nan        5px=nan        10px=nan       
[ 67200, lr= 0.0001384]  epe=16.0141    3px=0.3935     5px=0.6080     10px=0.8010    
[ 67300, lr= 0.0001380]  epe=13.5886    3px=0.3834     5px=0.5809     10px=0.7710    
[ 67400, lr= 0.0001375]  epe=15.4787    3px=0.3619     5px=0.5681     10px=0.7768    
[ 67500, lr= 0.0001371]  epe=12.8700    3px=0.4010     5px=0.6112     10px=0.8065    
[ 67600, lr= 0.0001367]  epe=19.4897    3px=0.3614     5px=0.5764     10px=0.7767    
[ 67700, lr= 0.0001363]  epe=20.5109    3px=0.3887     5px=0.5934     10px=0.7747    
[ 67800, lr= 0.0001359]  epe=21.7862    3px=0.3635     5px=0.5561     10px=0.7518    
[ 67900, lr= 0.0001354]  epe=nan        3px=nan        5px=nan        10px=nan       
[ 68000, lr= 0.0001350]  epe=13.3499    3px=0.4743     5px=0.6711     10px=0.8301    
[ 68100, lr= 0.0001346]  epe=nan        3px=nan        5px=nan        10px=nan       
[ 68200, lr= 0.0001342]  epe=16.9420    3px=0.3563     5px=0.5614     10px=0.7735    
[ 68300, lr= 0.0001338]  epe=10.2971    3px=0.3715     5px=0.5867     10px=0.8066    
[ 68400, lr= 0.0001333]  epe=14.0206    3px=0.3508     5px=0.5618     10px=0.7872    
[ 68500, lr= 0.0001329]  epe=20.1156    3px=0.3605     5px=0.5629     10px=0.7667    
[ 68600, lr= 0.0001325]  epe=12.7960    3px=0.3831     5px=0.5786     10px=0.7680    
[ 68700, lr= 0.0001321]  epe=13.3284    3px=0.4340     5px=0.6327     10px=0.8120    
[ 68800, lr= 0.0001317]  epe=12.2236    3px=0.3884     5px=0.5928     10px=0.7892    
[ 68900, lr= 0.0001312]  epe=27.8298    3px=0.3650     5px=0.5643     10px=0.7578    
[ 69000, lr= 0.0001308]  epe=13.3357    3px=0.3670     5px=0.5557     10px=0.7467    
[ 69100, lr= 0.0001304]  epe=14.8247    3px=0.3982     5px=0.6016     10px=0.8092    
[ 69200, lr= 0.0001300]  epe=24.5180    3px=0.3888     5px=0.5823     10px=0.7584    
[ 69300, lr= 0.0001296]  epe=14.8180    3px=0.3907     5px=0.5788     10px=0.7854    
[ 69400, lr= 0.0001291]  epe=nan        3px=nan        5px=nan        10px=nan       
[ 69500, lr= 0.0001287]  epe=nan        3px=nan        5px=nan        10px=nan       
[ 69600, lr= 0.0001283]  epe=17.8600    3px=0.3778     5px=0.5795     10px=0.7817    
[ 69700, lr= 0.0001279]  epe=nan        3px=nan        5px=nan        10px=nan       
[ 69800, lr= 0.0001275]  epe=19.5062    3px=0.4170     5px=0.6147     10px=0.8004    
[ 69900, lr= 0.0001270]  epe=14.3759    3px=0.3752     5px=0.5803     10px=0.7898    
[ 70000, lr= 0.0001266]  epe=22.2399    3px=0.3705     5px=0.5730     10px=0.7657    
<class 'numpy.ndarray'>
Validation ASphere EPE: 14.171278953552246,  out of 458000000 measurments
[ 70100, lr= 0.0001262]  epe=17.1677    3px=0.3802     5px=0.5936     10px=0.7951    
[ 70200, lr= 0.0001258]  epe=14.1980    3px=0.3875     5px=0.5849     10px=0.7881    
[ 70300, lr= 0.0001253]  epe=22.4628    3px=0.4090     5px=0.5947     10px=0.7692    
[ 70400, lr= 0.0001249]  epe=9.6617     3px=0.3763     5px=0.5828     10px=0.7800    
[ 70500, lr= 0.0001245]  epe=12.6339    3px=0.3648     5px=0.5610     10px=0.7685    
[ 70600, lr= 0.0001241]  epe=18.8882    3px=0.3813     5px=0.5784     10px=0.7668    
[ 70700, lr= 0.0001237]  epe=nan        3px=nan        5px=nan        10px=nan       
[ 70800, lr= 0.0001232]  epe=15.1379    3px=0.3765     5px=0.5871     10px=0.7773    
[ 70900, lr= 0.0001228]  epe=16.6638    3px=0.3917     5px=0.5964     10px=0.7844    
[ 71000, lr= 0.0001224]  epe=13.5352    3px=0.3656     5px=0.5808     10px=0.7885    
[ 71100, lr= 0.0001220]  epe=13.8766    3px=0.4198     5px=0.6245     10px=0.8187    
[ 71200, lr= 0.0001216]  epe=20.6187    3px=0.3893     5px=0.5944     10px=0.7920    
[ 71300, lr= 0.0001211]  epe=11.1706    3px=0.4109     5px=0.6176     10px=0.8092    
[ 71400, lr= 0.0001207]  epe=16.3570    3px=0.3993     5px=0.6020     10px=0.8007    
[ 71500, lr= 0.0001203]  epe=nan        3px=nan        5px=nan        10px=nan       
[ 71600, lr= 0.0001199]  epe=15.3721    3px=0.3574     5px=0.5639     10px=0.7569    
[ 71700, lr= 0.0001195]  epe=15.2903    3px=0.3947     5px=0.5994     10px=0.7967    
[ 71800, lr= 0.0001190]  epe=15.0206    3px=0.4173     5px=0.6264     10px=0.8142    
[ 71900, lr= 0.0001186]  epe=9.5739     3px=0.3737     5px=0.5909     10px=0.8106    
[ 72000, lr= 0.0001182]  epe=12.6913    3px=0.3736     5px=0.5710     10px=0.7767    
[ 72100, lr= 0.0001178]  epe=16.0508    3px=0.3901     5px=0.5898     10px=0.7850    
[ 72200, lr= 0.0001174]  epe=14.2657    3px=0.4071     5px=0.6096     10px=0.8024    
[ 72300, lr= 0.0001169]  epe=13.9109    3px=0.3567     5px=0.5741     10px=0.7915    
[ 72400, lr= 0.0001165]  epe=17.9394    3px=0.3539     5px=0.5805     10px=0.7897    
[ 72500, lr= 0.0001161]  epe=18.1548    3px=0.3868     5px=0.5923     10px=0.7801    
[ 72600, lr= 0.0001157]  epe=8.7947     3px=0.4168     5px=0.6273     10px=0.8153    
[ 72700, lr= 0.0001153]  epe=17.9294    3px=0.3244     5px=0.5162     10px=0.7277    
[ 72800, lr= 0.0001148]  epe=19.0884    3px=0.3746     5px=0.5915     10px=0.7963    
[ 72900, lr= 0.0001144]  epe=15.1905    3px=0.4308     5px=0.6301     10px=0.8030    
[ 73000, lr= 0.0001140]  epe=13.9348    3px=0.3711     5px=0.5658     10px=0.7789    
[ 73100, lr= 0.0001136]  epe=nan        3px=nan        5px=nan        10px=nan       
[ 73200, lr= 0.0001132]  epe=nan        3px=nan        5px=nan        10px=nan       
[ 73300, lr= 0.0001127]  epe=nan        3px=nan        5px=nan        10px=nan       
[ 73400, lr= 0.0001123]  epe=11.8322    3px=0.4213     5px=0.6272     10px=0.8131    
[ 73500, lr= 0.0001119]  epe=14.5696    3px=0.4046     5px=0.5959     10px=0.7906    
[ 73600, lr= 0.0001115]  epe=11.5259    3px=0.3827     5px=0.5923     10px=0.7889    
[ 73700, lr= 0.0001110]  epe=15.2845    3px=0.4078     5px=0.6094     10px=0.8208    
[ 73800, lr= 0.0001106]  epe=13.4402    3px=0.3875     5px=0.5596     10px=0.7554    
[ 73900, lr= 0.0001102]  epe=18.7334    3px=0.3681     5px=0.5789     10px=0.7684    
[ 74000, lr= 0.0001098]  epe=15.5588    3px=0.4088     5px=0.6273     10px=0.8301    
[ 74100, lr= 0.0001094]  epe=10.8486    3px=0.3945     5px=0.6161     10px=0.8062    
[ 74200, lr= 0.0001089]  epe=nan        3px=nan        5px=nan        10px=nan       
[ 74300, lr= 0.0001085]  epe=16.5729    3px=0.3809     5px=0.5828     10px=0.7867    
[ 74400, lr= 0.0001081]  epe=16.6068    3px=0.3943     5px=0.6021     10px=0.8177    
[ 74500, lr= 0.0001077]  epe=14.2709    3px=0.3926     5px=0.5806     10px=0.7779    
[ 74600, lr= 0.0001073]  epe=nan        3px=nan        5px=nan        10px=nan       
[ 74700, lr= 0.0001068]  epe=11.6218    3px=0.3874     5px=0.5874     10px=0.7883    
[ 74800, lr= 0.0001064]  epe=15.9534    3px=0.3886     5px=0.5869     10px=0.7815    
[ 74900, lr= 0.0001060]  epe=nan        3px=nan        5px=nan        10px=nan       
[ 75000, lr= 0.0001056]  epe=19.1443    3px=0.3993     5px=0.6059     10px=0.7873    
<class 'numpy.ndarray'>
Validation ASphere EPE: 12.357260704040527,  out of 458000000 measurments
[ 75100, lr= 0.0001052]  epe=14.9322    3px=0.4074     5px=0.6092     10px=0.8070    
[ 75200, lr= 0.0001047]  epe=13.2641    3px=0.4092     5px=0.6105     10px=0.8101    
[ 75300, lr= 0.0001043]  epe=20.7037    3px=0.3828     5px=0.5879     10px=0.7865    
[ 75400, lr= 0.0001039]  epe=nan        3px=nan        5px=nan        10px=nan       
[ 75500, lr= 0.0001035]  epe=18.2255    3px=0.3752     5px=0.5639     10px=0.7684    
[ 75600, lr= 0.0001031]  epe=10.6092    3px=0.4436     5px=0.6605     10px=0.8489    
[ 75700, lr= 0.0001026]  epe=15.4769    3px=0.3587     5px=0.5641     10px=0.7755    
[ 75800, lr= 0.0001022]  epe=19.2119    3px=0.3794     5px=0.5825     10px=0.7749    
[ 75900, lr= 0.0001018]  epe=17.9035    3px=0.3803     5px=0.5624     10px=0.7530    
[ 76000, lr= 0.0001014]  epe=19.1584    3px=0.3908     5px=0.5954     10px=0.7829    
[ 76100, lr= 0.0001010]  epe=14.0065    3px=0.3779     5px=0.5889     10px=0.7959    
[ 76200, lr= 0.0001005]  epe=16.8453    3px=0.3653     5px=0.5725     10px=0.7843    
[ 76300, lr= 0.0001001]  epe=13.4152    3px=0.4294     5px=0.6236     10px=0.8091    
[ 76400, lr= 0.0000997]  epe=14.0341    3px=0.4179     5px=0.6310     10px=0.8266    
[ 76500, lr= 0.0000993]  epe=11.1076    3px=0.4226     5px=0.6066     10px=0.7799    
[ 76600, lr= 0.0000988]  epe=14.4223    3px=0.3821     5px=0.5828     10px=0.7948    
[ 76700, lr= 0.0000984]  epe=15.5236    3px=0.3825     5px=0.5858     10px=0.7817    
[ 76800, lr= 0.0000980]  epe=13.9792    3px=0.3781     5px=0.5954     10px=0.7893    
[ 76900, lr= 0.0000976]  epe=19.0718    3px=0.3793     5px=0.5914     10px=0.7967    
[ 77000, lr= 0.0000972]  epe=nan        3px=nan        5px=nan        10px=nan       
[ 77100, lr= 0.0000967]  epe=11.5319    3px=0.3880     5px=0.5859     10px=0.7919    
[ 77200, lr= 0.0000963]  epe=15.2514    3px=0.3589     5px=0.5642     10px=0.7769    
[ 77300, lr= 0.0000959]  epe=10.9384    3px=0.3810     5px=0.5808     10px=0.7847    
[ 77400, lr= 0.0000955]  epe=16.2744    3px=0.4020     5px=0.6083     10px=0.7920    
[ 77500, lr= 0.0000951]  epe=nan        3px=nan        5px=nan        10px=nan       
[ 77600, lr= 0.0000946]  epe=19.8871    3px=0.3852     5px=0.5782     10px=0.7658    
[ 77700, lr= 0.0000942]  epe=15.1041    3px=0.4156     5px=0.6288     10px=0.8056    
[ 77800, lr= 0.0000938]  epe=nan        3px=nan        5px=nan        10px=nan       
[ 77900, lr= 0.0000934]  epe=12.2834    3px=0.3812     5px=0.5810     10px=0.7890    
[ 78000, lr= 0.0000930]  epe=nan        3px=nan        5px=nan        10px=nan       
[ 78100, lr= 0.0000925]  epe=18.6461    3px=0.3777     5px=0.5757     10px=0.7795    
[ 78200, lr= 0.0000921]  epe=13.4832    3px=0.4218     5px=0.6286     10px=0.8133    
[ 78300, lr= 0.0000917]  epe=14.4750    3px=0.3909     5px=0.6033     10px=0.8294    
[ 78400, lr= 0.0000913]  epe=15.1107    3px=0.4186     5px=0.6316     10px=0.8165    
[ 78500, lr= 0.0000909]  epe=17.0054    3px=0.3622     5px=0.5647     10px=0.7691    
[ 78600, lr= 0.0000904]  epe=16.0636    3px=0.3830     5px=0.5749     10px=0.7660    
[ 78700, lr= 0.0000900]  epe=10.3908    3px=0.4044     5px=0.5971     10px=0.8051    
[ 78800, lr= 0.0000896]  epe=17.5137    3px=0.3766     5px=0.5800     10px=0.7881    
[ 78900, lr= 0.0000892]  epe=18.4148    3px=0.3834     5px=0.5902     10px=0.7773    
[ 79000, lr= 0.0000888]  epe=25.1039    3px=0.3963     5px=0.6054     10px=0.7855    
[ 79100, lr= 0.0000883]  epe=16.6076    3px=0.4000     5px=0.6111     10px=0.7994    
[ 79200, lr= 0.0000879]  epe=nan        3px=nan        5px=nan        10px=nan       
[ 79300, lr= 0.0000875]  epe=12.5274    3px=0.4358     5px=0.6349     10px=0.8136    
[ 79400, lr= 0.0000871]  epe=11.2520    3px=0.3714     5px=0.5815     10px=0.8041    
[ 79500, lr= 0.0000867]  epe=9.5346     3px=0.3635     5px=0.5758     10px=0.7885    
[ 79600, lr= 0.0000862]  epe=18.6303    3px=0.3910     5px=0.5858     10px=0.7754    
[ 79700, lr= 0.0000858]  epe=14.4858    3px=0.3748     5px=0.5803     10px=0.7783    
[ 79800, lr= 0.0000854]  epe=14.0185    3px=0.3784     5px=0.5908     10px=0.8075    
[ 79900, lr= 0.0000850]  epe=17.0397    3px=0.3820     5px=0.5891     10px=0.7807    
[ 80000, lr= 0.0000845]  epe=17.9236    3px=0.3876     5px=0.5825     10px=0.7787    
<class 'numpy.ndarray'>
Validation ASphere EPE: 14.273041725158691,  out of 458000000 measurments
[ 80100, lr= 0.0000841]  epe=14.9932    3px=0.4354     5px=0.6119     10px=0.7966    
[ 80200, lr= 0.0000837]  epe=17.0283    3px=0.3816     5px=0.5903     10px=0.8004    
[ 80300, lr= 0.0000833]  epe=nan        3px=nan        5px=nan        10px=nan       
[ 80400, lr= 0.0000829]  epe=nan        3px=nan        5px=nan        10px=nan       
[ 80500, lr= 0.0000824]  epe=11.5765    3px=0.4087     5px=0.6183     10px=0.8203    
[ 80600, lr= 0.0000820]  epe=12.4089    3px=0.3684     5px=0.5717     10px=0.7762    
[ 80700, lr= 0.0000816]  epe=18.6860    3px=0.3868     5px=0.5721     10px=0.7600    
[ 80800, lr= 0.0000812]  epe=16.2228    3px=0.3845     5px=0.5997     10px=0.7960    
[ 80900, lr= 0.0000808]  epe=11.2818    3px=0.4126     5px=0.6113     10px=0.8143    
[ 81000, lr= 0.0000803]  epe=10.6565    3px=0.4487     5px=0.6477     10px=0.8479    
[ 81100, lr= 0.0000799]  epe=13.4529    3px=0.3620     5px=0.5551     10px=0.7588    
[ 81200, lr= 0.0000795]  epe=12.8468    3px=0.4345     5px=0.6310     10px=0.8017    
[ 81300, lr= 0.0000791]  epe=11.0427    3px=0.4090     5px=0.6249     10px=0.8190    
[ 81400, lr= 0.0000787]  epe=10.0514    3px=0.3738     5px=0.5701     10px=0.7799    
[ 81500, lr= 0.0000782]  epe=16.7108    3px=0.3582     5px=0.5484     10px=0.7571    
[ 81600, lr= 0.0000778]  epe=12.9051    3px=0.4270     5px=0.6321     10px=0.8186    
[ 81700, lr= 0.0000774]  epe=12.7218    3px=0.3798     5px=0.5786     10px=0.7906    
[ 81800, lr= 0.0000770]  epe=15.7404    3px=0.3667     5px=0.5752     10px=0.8011    
[ 81900, lr= 0.0000766]  epe=13.7308    3px=0.4082     5px=0.6027     10px=0.7963    
[ 82000, lr= 0.0000761]  epe=13.6739    3px=0.3665     5px=0.5751     10px=0.7811    
[ 82100, lr= 0.0000757]  epe=15.8246    3px=0.3829     5px=0.5756     10px=0.7903    
[ 82200, lr= 0.0000753]  epe=13.2330    3px=0.4329     5px=0.6171     10px=0.8002    
[ 82300, lr= 0.0000749]  epe=13.6168    3px=0.4045     5px=0.6084     10px=0.7983    
[ 82400, lr= 0.0000745]  epe=nan        3px=nan        5px=nan        10px=nan       
[ 82500, lr= 0.0000740]  epe=16.1556    3px=0.3787     5px=0.5950     10px=0.7911    
[ 82600, lr= 0.0000736]  epe=8.4511     3px=0.4085     5px=0.6171     10px=0.8302    
[ 82700, lr= 0.0000732]  epe=17.8916    3px=0.4118     5px=0.5947     10px=0.7767    
[ 82800, lr= 0.0000728]  epe=16.9780    3px=0.4044     5px=0.6004     10px=0.7957    
[ 82900, lr= 0.0000724]  epe=16.1526    3px=0.3711     5px=0.5683     10px=0.7800    
[ 83000, lr= 0.0000719]  epe=12.2253    3px=0.4277     5px=0.6370     10px=0.8303    
[ 83100, lr= 0.0000715]  epe=16.5333    3px=0.3892     5px=0.5909     10px=0.7896    
[ 83200, lr= 0.0000711]  epe=11.7126    3px=0.4106     5px=0.6201     10px=0.8004    
[ 83300, lr= 0.0000707]  epe=20.5135    3px=0.4032     5px=0.6147     10px=0.7967    
[ 83400, lr= 0.0000702]  epe=17.4803    3px=0.3728     5px=0.5786     10px=0.7692    
[ 83500, lr= 0.0000698]  epe=11.3732    3px=0.3901     5px=0.6095     10px=0.8064    
[ 83600, lr= 0.0000694]  epe=11.7007    3px=0.3896     5px=0.5935     10px=0.7880    
[ 83700, lr= 0.0000690]  epe=16.1060    3px=0.3602     5px=0.5653     10px=0.7790    
[ 83800, lr= 0.0000686]  epe=9.1999     3px=0.4163     5px=0.6393     10px=0.8459    
[ 83900, lr= 0.0000681]  epe=12.5708    3px=0.4244     5px=0.6220     10px=0.8141    
[ 84000, lr= 0.0000677]  epe=15.8415    3px=0.3712     5px=0.5677     10px=0.7715    
[ 84100, lr= 0.0000673]  epe=13.4202    3px=0.4163     5px=0.6227     10px=0.8110    
[ 84200, lr= 0.0000669]  epe=12.3630    3px=0.3901     5px=0.6039     10px=0.7959    
[ 84300, lr= 0.0000665]  epe=nan        3px=nan        5px=nan        10px=nan       
[ 84400, lr= 0.0000660]  epe=14.7121    3px=0.3707     5px=0.5669     10px=0.7580    
[ 84500, lr= 0.0000656]  epe=nan        3px=nan        5px=nan        10px=nan       
[ 84600, lr= 0.0000652]  epe=12.0356    3px=0.4101     5px=0.6215     10px=0.7984    
[ 84700, lr= 0.0000648]  epe=9.6889     3px=0.4146     5px=0.6172     10px=0.8161    
[ 84800, lr= 0.0000644]  epe=22.3498    3px=0.3444     5px=0.5453     10px=0.7521    
[ 84900, lr= 0.0000639]  epe=12.1842    3px=0.4002     5px=0.6102     10px=0.8181    
[ 85000, lr= 0.0000635]  epe=14.9790    3px=0.4180     5px=0.6327     10px=0.8081    
<class 'numpy.ndarray'>
Validation ASphere EPE: 11.05477237701416,  out of 458000000 measurments
[ 85100, lr= 0.0000631]  epe=9.2657     3px=0.4315     5px=0.6328     10px=0.8126    
[ 85200, lr= 0.0000627]  epe=12.1042    3px=0.4289     5px=0.6127     10px=0.7963    
[ 85300, lr= 0.0000623]  epe=12.3096    3px=0.3500     5px=0.5485     10px=0.7738    
[ 85400, lr= 0.0000618]  epe=16.8656    3px=0.4070     5px=0.5843     10px=0.7651    
[ 85500, lr= 0.0000614]  epe=18.8833    3px=0.3787     5px=0.5821     10px=0.7834    
[ 85600, lr= 0.0000610]  epe=10.7242    3px=0.4211     5px=0.6196     10px=0.8214    
[ 85700, lr= 0.0000606]  epe=12.7291    3px=0.3928     5px=0.5954     10px=0.8108    
[ 85800, lr= 0.0000602]  epe=nan        3px=nan        5px=nan        10px=nan       
[ 85900, lr= 0.0000597]  epe=9.6497     3px=0.4138     5px=0.6178     10px=0.8123    
[ 86000, lr= 0.0000593]  epe=14.2327    3px=0.3852     5px=0.5907     10px=0.8090    
[ 86100, lr= 0.0000589]  epe=nan        3px=nan        5px=nan        10px=nan       
[ 86200, lr= 0.0000585]  epe=13.4332    3px=0.4112     5px=0.6012     10px=0.7738    
[ 86300, lr= 0.0000580]  epe=11.6104    3px=0.4052     5px=0.6152     10px=0.8218    
[ 86400, lr= 0.0000576]  epe=11.3177    3px=0.3925     5px=0.5986     10px=0.7950    
[ 86500, lr= 0.0000572]  epe=15.7668    3px=0.3756     5px=0.5642     10px=0.7573    
[ 86600, lr= 0.0000568]  epe=13.5233    3px=0.4372     5px=0.6471     10px=0.8286    
[ 86700, lr= 0.0000564]  epe=11.3967    3px=0.4025     5px=0.6036     10px=0.7917    
[ 86800, lr= 0.0000559]  epe=11.2827    3px=0.4243     5px=0.6296     10px=0.8139    
[ 86900, lr= 0.0000555]  epe=nan        3px=nan        5px=nan        10px=nan       
[ 87000, lr= 0.0000551]  epe=10.4399    3px=0.4163     5px=0.6204     10px=0.8143    
[ 87100, lr= 0.0000547]  epe=16.0701    3px=0.4088     5px=0.6056     10px=0.7845    
[ 87200, lr= 0.0000543]  epe=11.4317    3px=0.3947     5px=0.6075     10px=0.8330    
[ 87300, lr= 0.0000538]  epe=13.4521    3px=0.4208     5px=0.6111     10px=0.7914    
[ 87400, lr= 0.0000534]  epe=12.5345    3px=0.3731     5px=0.5877     10px=0.7838    
[ 87500, lr= 0.0000530]  epe=12.2694    3px=0.4203     5px=0.6224     10px=0.8097    
[ 87600, lr= 0.0000526]  epe=17.9100    3px=0.3858     5px=0.5783     10px=0.7906    
[ 87700, lr= 0.0000522]  epe=16.5589    3px=0.4057     5px=0.6137     10px=0.8057    
[ 87800, lr= 0.0000517]  epe=17.5730    3px=0.3781     5px=0.5704     10px=0.7675    
[ 87900, lr= 0.0000513]  epe=13.5286    3px=0.3994     5px=0.6036     10px=0.7967    
[ 88000, lr= 0.0000509]  epe=9.3421     3px=0.4304     5px=0.6386     10px=0.8310    
[ 88100, lr= 0.0000505]  epe=13.3434    3px=0.3623     5px=0.5677     10px=0.7820    
[ 88200, lr= 0.0000501]  epe=13.4320    3px=0.4311     5px=0.6444     10px=0.8353    
[ 88300, lr= 0.0000496]  epe=nan        3px=nan        5px=nan        10px=nan       
[ 88400, lr= 0.0000492]  epe=9.9389     3px=0.4500     5px=0.6537     10px=0.8418    
[ 88500, lr= 0.0000488]  epe=12.8616    3px=0.3953     5px=0.5977     10px=0.8044    
[ 88600, lr= 0.0000484]  epe=9.1354     3px=0.4102     5px=0.6115     10px=0.8056    
[ 88700, lr= 0.0000480]  epe=11.8411    3px=0.4136     5px=0.6071     10px=0.8040    
[ 88800, lr= 0.0000475]  epe=14.5951    3px=0.3771     5px=0.5847     10px=0.7919    
[ 88900, lr= 0.0000471]  epe=10.3296    3px=0.4462     5px=0.6322     10px=0.8022    
[ 89000, lr= 0.0000467]  epe=9.4451     3px=0.4078     5px=0.6332     10px=0.8277    
[ 89100, lr= 0.0000463]  epe=23.2100    3px=0.4280     5px=0.6172     10px=0.8030    
[ 89200, lr= 0.0000459]  epe=13.2912    3px=0.3729     5px=0.5618     10px=0.7692    
[ 89300, lr= 0.0000454]  epe=10.2481    3px=0.3936     5px=0.6029     10px=0.8001    
[ 89400, lr= 0.0000450]  epe=11.8324    3px=0.4193     5px=0.6293     10px=0.8311    
[ 89500, lr= 0.0000446]  epe=12.2541    3px=0.3790     5px=0.5742     10px=0.7815    
[ 89600, lr= 0.0000442]  epe=nan        3px=nan        5px=nan        10px=nan       
[ 89700, lr= 0.0000437]  epe=15.8785    3px=0.4306     5px=0.6391     10px=0.8200    
[ 89800, lr= 0.0000433]  epe=12.8373    3px=0.3859     5px=0.5888     10px=0.7892    
[ 89900, lr= 0.0000429]  epe=13.9115    3px=0.3829     5px=0.5782     10px=0.7920    
[ 90000, lr= 0.0000425]  epe=13.9898    3px=0.4347     5px=0.6290     10px=0.8072    
<class 'numpy.ndarray'>
Validation ASphere EPE: 11.60672664642334,  out of 458000000 measurments
[ 90100, lr= 0.0000421]  epe=16.4018    3px=0.4101     5px=0.6102     10px=0.7953    
[ 90200, lr= 0.0000416]  epe=11.3312    3px=0.4106     5px=0.6121     10px=0.7999    
[ 90300, lr= 0.0000412]  epe=8.3411     3px=0.4100     5px=0.6086     10px=0.8119    
[ 90400, lr= 0.0000408]  epe=13.1881    3px=0.4494     5px=0.6555     10px=0.8350    
[ 90500, lr= 0.0000404]  epe=nan        3px=nan        5px=nan        10px=nan       
[ 90600, lr= 0.0000400]  epe=19.3203    3px=0.3954     5px=0.5968     10px=0.7922    
[ 90700, lr= 0.0000395]  epe=12.8372    3px=0.4022     5px=0.6150     10px=0.8132    
[ 90800, lr= 0.0000391]  epe=10.2365    3px=0.4175     5px=0.6237     10px=0.8220    
[ 90900, lr= 0.0000387]  epe=12.0493    3px=0.4080     5px=0.6004     10px=0.7958    
[ 91000, lr= 0.0000383]  epe=nan        3px=nan        5px=nan        10px=nan       
[ 91100, lr= 0.0000379]  epe=12.4103    3px=0.3918     5px=0.5973     10px=0.7976    
[ 91200, lr= 0.0000374]  epe=20.5286    3px=0.3759     5px=0.5668     10px=0.7666    
[ 91300, lr= 0.0000370]  epe=8.6966     3px=0.4161     5px=0.6302     10px=0.8255    
[ 91400, lr= 0.0000366]  epe=11.4623    3px=0.4772     5px=0.6727     10px=0.8468    
[ 91500, lr= 0.0000362]  epe=nan        3px=nan        5px=nan        10px=nan       
[ 91600, lr= 0.0000358]  epe=11.4236    3px=0.4152     5px=0.6211     10px=0.8180    
[ 91700, lr= 0.0000353]  epe=17.6594    3px=0.3599     5px=0.5674     10px=0.7781    
[ 91800, lr= 0.0000349]  epe=9.3229     3px=0.3982     5px=0.6061     10px=0.8142    
[ 91900, lr= 0.0000345]  epe=10.9046    3px=0.4070     5px=0.6174     10px=0.8089    
[ 92000, lr= 0.0000341]  epe=15.4049    3px=0.4047     5px=0.6023     10px=0.8000    
[ 92100, lr= 0.0000337]  epe=14.7284    3px=0.4121     5px=0.6263     10px=0.8025    
[ 92200, lr= 0.0000332]  epe=15.5867    3px=0.3912     5px=0.5787     10px=0.7695    
[ 92300, lr= 0.0000328]  epe=12.5363    3px=0.4381     5px=0.6482     10px=0.8195    
[ 92400, lr= 0.0000324]  epe=10.5948    3px=0.4185     5px=0.6204     10px=0.8179    
[ 92500, lr= 0.0000320]  epe=11.4154    3px=0.4304     5px=0.6190     10px=0.8060    
[ 92600, lr= 0.0000315]  epe=8.3386     3px=0.4072     5px=0.6236     10px=0.8201    
[ 92700, lr= 0.0000311]  epe=11.6142    3px=0.3883     5px=0.5843     10px=0.7804    
[ 92800, lr= 0.0000307]  epe=13.0599    3px=0.3950     5px=0.5975     10px=0.8074    
[ 92900, lr= 0.0000303]  epe=nan        3px=nan        5px=nan        10px=nan       
[ 93000, lr= 0.0000299]  epe=10.6337    3px=0.4139     5px=0.6124     10px=0.8114    
[ 93100, lr= 0.0000294]  epe=12.6565    3px=0.4188     5px=0.6050     10px=0.8016    
[ 93200, lr= 0.0000290]  epe=10.9519    3px=0.4261     5px=0.6331     10px=0.8166    
[ 93300, lr= 0.0000286]  epe=10.4228    3px=0.4209     5px=0.6196     10px=0.8090    
[ 93400, lr= 0.0000282]  epe=nan        3px=nan        5px=nan        10px=nan       
[ 93500, lr= 0.0000278]  epe=9.3332     3px=0.4302     5px=0.6354     10px=0.8290    
[ 93600, lr= 0.0000273]  epe=13.9419    3px=0.4031     5px=0.5894     10px=0.7766    
[ 93700, lr= 0.0000269]  epe=9.4657     3px=0.4074     5px=0.6099     10px=0.7992    
[ 93800, lr= 0.0000265]  epe=11.8215    3px=0.4310     5px=0.6351     10px=0.8316    
[ 93900, lr= 0.0000261]  epe=9.4149     3px=0.4316     5px=0.6402     10px=0.8365    
[ 94000, lr= 0.0000257]  epe=nan        3px=nan        5px=nan        10px=nan       
[ 94100, lr= 0.0000252]  epe=10.8833    3px=0.4523     5px=0.6447     10px=0.8256    
[ 94200, lr= 0.0000248]  epe=10.0738    3px=0.4226     5px=0.6281     10px=0.8203    
[ 94300, lr= 0.0000244]  epe=11.9541    3px=0.4035     5px=0.6060     10px=0.7937    
[ 94400, lr= 0.0000240]  epe=13.8962    3px=0.4140     5px=0.6239     10px=0.8030    
[ 94500, lr= 0.0000236]  epe=nan        3px=nan        5px=nan        10px=nan       
[ 94600, lr= 0.0000231]  epe=14.9129    3px=0.3839     5px=0.5774     10px=0.7783    
[ 94700, lr= 0.0000227]  epe=nan        3px=nan        5px=nan        10px=nan       
[ 94800, lr= 0.0000223]  epe=12.8073    3px=0.3817     5px=0.5692     10px=0.7636    
[ 94900, lr= 0.0000219]  epe=9.5833     3px=0.4251     5px=0.6416     10px=0.8377    
[ 95000, lr= 0.0000215]  epe=nan        3px=nan        5px=nan        10px=nan       
<class 'numpy.ndarray'>
Validation ASphere EPE: 12.427870750427246,  out of 458000000 measurments
[ 95100, lr= 0.0000210]  epe=nan        3px=nan        5px=nan        10px=nan       
[ 95200, lr= 0.0000206]  epe=14.3307    3px=0.4058     5px=0.6081     10px=0.8071    
[ 95300, lr= 0.0000202]  epe=11.5177    3px=0.4276     5px=0.6365     10px=0.8315    
[ 95400, lr= 0.0000198]  epe=9.1462     3px=0.3947     5px=0.6076     10px=0.8079    
[ 95500, lr= 0.0000194]  epe=8.5046     3px=0.4279     5px=0.6354     10px=0.8272    
[ 95600, lr= 0.0000189]  epe=7.7931     3px=0.4041     5px=0.6225     10px=0.8303    
[ 95700, lr= 0.0000185]  epe=10.3739    3px=0.4273     5px=0.6288     10px=0.8209    
[ 95800, lr= 0.0000181]  epe=14.2588    3px=0.3863     5px=0.5810     10px=0.7589    
[ 95900, lr= 0.0000177]  epe=12.3830    3px=0.4109     5px=0.6178     10px=0.8172    
[ 96000, lr= 0.0000172]  epe=12.6315    3px=0.4237     5px=0.6446     10px=0.8499    
[ 96100, lr= 0.0000168]  epe=nan        3px=nan        5px=nan        10px=nan       
[ 96200, lr= 0.0000164]  epe=10.9438    3px=0.4057     5px=0.5936     10px=0.7836    
[ 96300, lr= 0.0000160]  epe=10.9837    3px=0.4058     5px=0.6224     10px=0.8114    
[ 96400, lr= 0.0000156]  epe=13.0259    3px=0.4487     5px=0.6411     10px=0.8273    
[ 96500, lr= 0.0000151]  epe=9.4689     3px=0.3923     5px=0.5981     10px=0.8200    
[ 96600, lr= 0.0000147]  epe=nan        3px=nan        5px=nan        10px=nan       
[ 96700, lr= 0.0000143]  epe=11.3299    3px=0.3966     5px=0.5971     10px=0.7902    
[ 96800, lr= 0.0000139]  epe=nan        3px=nan        5px=nan        10px=nan       
[ 96900, lr= 0.0000135]  epe=11.5697    3px=0.4323     5px=0.6330     10px=0.8152    
[ 97000, lr= 0.0000130]  epe=9.2109     3px=0.3866     5px=0.6082     10px=0.8086    
[ 97100, lr= 0.0000126]  epe=11.9055    3px=0.4499     5px=0.6484     10px=0.8216    
[ 97200, lr= 0.0000122]  epe=11.6892    3px=0.3911     5px=0.5853     10px=0.7958    
[ 97300, lr= 0.0000118]  epe=10.4061    3px=0.3904     5px=0.6060     10px=0.8094    
[ 97400, lr= 0.0000114]  epe=10.6735    3px=0.4188     5px=0.6093     10px=0.8006    
[ 97500, lr= 0.0000109]  epe=nan        3px=nan        5px=nan        10px=nan       
[ 97600, lr= 0.0000105]  epe=13.6032    3px=0.3988     5px=0.6016     10px=0.7956    
[ 97700, lr= 0.0000101]  epe=9.3812     3px=0.4136     5px=0.6257     10px=0.8291    
[ 97800, lr= 0.0000097]  epe=10.9631    3px=0.3853     5px=0.6018     10px=0.8190    
[ 97900, lr= 0.0000093]  epe=9.0062     3px=0.4122     5px=0.6267     10px=0.8181    
[ 98000, lr= 0.0000088]  epe=8.0761     3px=0.4410     5px=0.6390     10px=0.8275    
[ 98100, lr= 0.0000084]  epe=9.8613     3px=0.4183     5px=0.6372     10px=0.8252    
[ 98200, lr= 0.0000080]  epe=10.4791    3px=0.4046     5px=0.6014     10px=0.7871    
[ 98300, lr= 0.0000076]  epe=nan        3px=nan        5px=nan        10px=nan       
[ 98400, lr= 0.0000072]  epe=9.3143     3px=0.4121     5px=0.6051     10px=0.8047    
[ 98500, lr= 0.0000067]  epe=12.2639    3px=0.4072     5px=0.6005     10px=0.7930    
[ 98600, lr= 0.0000063]  epe=10.6740    3px=0.4051     5px=0.6119     10px=0.8203    
[ 98700, lr= 0.0000059]  epe=11.5211    3px=0.4116     5px=0.6091     10px=0.8056    
[ 98800, lr= 0.0000055]  epe=10.3073    3px=0.4336     5px=0.6392     10px=0.8261    
[ 98900, lr= 0.0000050]  epe=7.8854     3px=0.4223     5px=0.6458     10px=0.8499    
[ 99000, lr= 0.0000046]  epe=14.7888    3px=0.4018     5px=0.6067     10px=0.7946    
[ 99100, lr= 0.0000042]  epe=7.5772     3px=0.4174     5px=0.6316     10px=0.8378    
[ 99200, lr= 0.0000038]  epe=14.5643    3px=0.4301     5px=0.6341     10px=0.8132    
[ 99300, lr= 0.0000034]  epe=13.6631    3px=0.3951     5px=0.6029     10px=0.7933    
[ 99400, lr= 0.0000029]  epe=11.5442    3px=0.4098     5px=0.6023     10px=0.7910    
[ 99500, lr= 0.0000025]  epe=11.4319    3px=0.4300     5px=0.6418     10px=0.8316    
[ 99600, lr= 0.0000021]  epe=10.8112    3px=0.4044     5px=0.6056     10px=0.7987    
[ 99700, lr= 0.0000017]  epe=13.7028    3px=0.4501     5px=0.6551     10px=0.8212    
[ 99800, lr= 0.0000013]  epe=11.1087    3px=0.4188     5px=0.6152     10px=0.8071    
[ 99900, lr= 0.0000008]  epe=9.0438     3px=0.4251     5px=0.6370     10px=0.8318    
[100000, lr= 0.0000004]  epe=16.3522    3px=0.3834     5px=0.5892     10px=0.7964    
<class 'numpy.ndarray'>
Validation ASphere EPE: 12.07077407836914,  out of 458000000 measurments
